<?xml version="1.0" encoding="UTF-8"?>
<!-- Generated by org.testng.reporters.JUnitXMLReporter -->
<testsuite ignored="0" hostname="DESKTOP-EI1MF8H" failures="0" tests="5" name="Default test" time="0.063" errors="0" timestamp="2022-01-12T14:56:46 BDT">
  <testcase classname="superAdmin.Login" name="@BeforeTest setup" time="-1.641977806567E9">
    <failure type="org.testng.TestNGException" message="
Parameter &amp;apos;Browser&amp;apos; is required by BeforeTest on method setup but has not been marked @Optional or defined
in C:\Users\tahni\AppData\Local\Temp\testng-eclipse--549167721\testng-customsuite.xml">
      <![CDATA[org.testng.TestNGException: 
Parameter 'Browser' is required by BeforeTest on method setup but has not been marked @Optional or defined
in C:\Users\tahni\AppData\Local\Temp\testng-eclipse--549167721\testng-customsuite.xml
at org.testng.internal.Parameters.createParams(Parameters.java:270)
at org.testng.internal.Parameters.createParametersForMethod(Parameters.java:358)
at org.testng.internal.Parameters.createParameters(Parameters.java:700)
at org.testng.internal.Parameters.createConfigurationParameters(Parameters.java:168)
at org.testng.internal.ConfigInvoker.invokeConfigurations(ConfigInvoker.java:302)
at org.testng.TestRunner.invokeTestConfigurations(TestRunner.java:637)
at org.testng.TestRunner.beforeRun(TestRunner.java:627)
at org.testng.TestRunner.run(TestRunner.java:589)
at org.testng.SuiteRunner.runTest(SuiteRunner.java:377)
at org.testng.SuiteRunner.runSequentially(SuiteRunner.java:371)
at org.testng.SuiteRunner.privateRun(SuiteRunner.java:332)
at org.testng.SuiteRunner.run(SuiteRunner.java:276)
at org.testng.SuiteRunnerWorker.runSuite(SuiteRunnerWorker.java:53)
at org.testng.SuiteRunnerWorker.run(SuiteRunnerWorker.java:96)
at org.testng.TestNG.runSuitesSequentially(TestNG.java:1212)
at org.testng.TestNG.runSuitesLocally(TestNG.java:1134)
at org.testng.TestNG.runSuites(TestNG.java:1063)
at org.testng.TestNG.run(TestNG.java:1031)
at org.testng.remote.AbstractRemoteTestNG.run(AbstractRemoteTestNG.java:115)
at org.testng.remote.RemoteTestNG.initAndRun(RemoteTestNG.java:251)
at org.testng.remote.RemoteTestNG.main(RemoteTestNG.java:77)
]]>
    </failure>
  </testcase> <!-- @BeforeTest setup -->
  <testcase classname="superAdmin.Login" name="@BeforeMethod openBrowser" time="-1.641977806598E9">
    <skipped/>
  </testcase> <!-- @BeforeMethod openBrowser -->
  <testcase classname="superAdmin.Login" name="@BeforeMethod openBrowser" time="-1.641977806607E9">
    <skipped/>
  </testcase> <!-- @BeforeMethod openBrowser -->
  <testcase classname="superAdmin.Login" name="@BeforeMethod openBrowser" time="-1.641977806611E9">
    <skipped/>
  </testcase> <!-- @BeforeMethod openBrowser -->
  <testcase classname="superAdmin.Login" name="@BeforeMethod openBrowser" time="-1.641977806615E9">
    <skipped/>
  </testcase> <!-- @BeforeMethod openBrowser -->
  <testcase classname="superAdmin.Login" name="@BeforeMethod openBrowser" time="-1.641977806623E9">
    <skipped/>
  </testcase> <!-- @BeforeMethod openBrowser -->
  <testcase classname="superAdmin.Login" name="@AfterTest tearDown" time="-1.641977806628E9">
    <skipped/>
  </testcase> <!-- @AfterTest tearDown -->
  <testcase classname="superAdmin.Login" name="verifyElemntsOnPageTest" time="0.0">
    <skipped/>
  </testcase> <!-- verifyElemntsOnPageTest -->
  <testcase classname="superAdmin.Login" name="verifyLogin" time="0.0">
    <skipped/>
  </testcase> <!-- verifyLogin -->
  <testcase classname="superAdmin.Login" name="loginWithoutUsername" time="0.0">
    <skipped/>
  </testcase> <!-- loginWithoutUsername -->
  <testcase classname="superAdmin.Login" name="loginWithoutPassword" time="0.0">
    <skipped/>
  </testcase> <!-- loginWithoutPassword -->
  <testcase classname="superAdmin.Login" name="invalidLoginInfo" time="0.0">
    <skipped/>
  </testcase> <!-- invalidLoginInfo -->
</testsuite> <!-- Default test -->
