<html>
<head>
<title>TestNG:  Test Suite</title>
<link href="../testng.css" rel="stylesheet" type="text/css" />
<link href="../my-testng.css" rel="stylesheet" type="text/css" />

<style type="text/css">
.log { display: none;} 
.stack-trace { display: none;} 
</style>
<script type="text/javascript">
<!--
function flip(e) {
  current = e.style.display;
  if (current == 'block') {
    e.style.display = 'none';
    return 0;
  }
  else {
    e.style.display = 'block';
    return 1;
  }
}

function toggleBox(szDivId, elem, msg1, msg2)
{
  var res = -1;  if (document.getElementById) {
    res = flip(document.getElementById(szDivId));
  }
  else if (document.all) {
    // this is the way old msie versions work
    res = flip(document.all[szDivId]);
  }
  if(elem) {
    if(res == 0) elem.innerHTML = msg1; else elem.innerHTML = msg2;
  }

}

function toggleAllBoxes() {
  if (document.getElementsByTagName) {
    d = document.getElementsByTagName('div');
    for (i = 0; i < d.length; i++) {
      if (d[i].className == 'log') {
        flip(d[i]);
      }
    }
  }
}

// -->
</script>

</head>
<body>
<h2 align='center'>Test Suite</h2><table border='1' align="center">
<tr>
<td>Tests passed/Failed/Skipped:</td><td>56/4/0</td>
</tr><tr>
<td>Started on:</td><td>Sun Feb 13 17:18:14 BDT 2022</td>
</tr>
<tr><td>Total time:</td><td>421 seconds (421582 ms)</td>
</tr><tr>
<td>Included groups:</td><td></td>
</tr><tr>
<td>Excluded groups:</td><td></td>
</tr>
</table><p/>
<small><i>(Hover the method name to see the test class name)</i></small><p/>
<table width='100%' border='1' class='invocation-failed'>
<tr><td colspan='4' align='center'><b>FAILED TESTS</b></td></tr>
<tr><td><b>Test method</b></td>
<td width="30%"><b>Exception</b></td>
<td width="10%"><b>Time (seconds)</b></td>
<td><b>Instance</b></td>
</tr>
<tr>
<td title='superAdmin.Clients.editClientGroup()'><b>editClientGroup</b><br>Test class: superAdmin.Clients</td>
<td><div><pre>org.openqa.selenium.TimeoutException: Expected condition failed: waiting for visibility of element located by By.xpath: //span[normalize-space()=&apos;Client Group 1&apos;] (tried for 10 second(s) with 500 milliseconds interval)
Build info: version: &apos;4.0.0&apos;, revision: &apos;3a21814679&apos;
System info: host: &apos;DESKTOP-EI1MF8H&apos;, ip: &apos;192.168.31.17&apos;, os.name: &apos;Windows 10&apos;, os.arch: &apos;amd64&apos;, os.version: &apos;10.0&apos;, java.version: &apos;11.0.13&apos;
Driver info: org.openqa.selenium.remote.RemoteWebDriver
Capabilities {acceptInsecureCerts: false, browserName: chrome, browserVersion: 98.0.4758.82, chrome: {chromedriverVersion: 98.0.4758.80 (7f0488e8ba0d8..., userDataDir: C:\Users\tahni\AppData\Loca...}, goog:chromeOptions: {debuggerAddress: localhost:51190}, javascriptEnabled: true, networkConnectionEnabled: false, pageLoadStrategy: normal, platform: WINDOWS, platformName: WINDOWS, proxy: Proxy(), se:cdp: ws://192.168.31.17:4444/ses..., se:cdpVersion: 98.0.4758.82, setWindowRect: true, strictFileInteractability: false, timeouts: {implicit: 0, pageLoad: 300000, script: 30000}, unhandledPromptBehavior: dismiss and notify, webauthn:extension:credBlob: true, webauthn:extension:largeBlob: true, webauthn:virtualAuthenticators: true}
Session ID: 34bcb668c8b779d3ddce3f1db8cee99f
	at org.openqa.selenium.support.ui.WebDriverWait.timeoutException(WebDriverWait.java:138)
	at org.openqa.selenium.support.ui.FluentWait.until(FluentWait.java:231)
	at superAdmin.Clients.editClientGroup(Clients.java:458)
	at java.base/java.util.concurrent.ThreadPoolExecutor.runWorker(ThreadPoolExecutor.java:1128)
	at java.base/java.util.concurrent.ThreadPoolExecutor$Worker.run(ThreadPoolExecutor.java:628)
	at java.base/java.lang.Thread.run(Thread.java:834)
... Removed 12 stack frames</pre></div><a href='#' onClick='toggleBox("stack-trace232922288", this, "Click to show all stack frames", "Click to hide stack frames")'>Click to show all stack frames</a>
<div class='stack-trace' id='stack-trace232922288'><pre>org.openqa.selenium.TimeoutException: Expected condition failed: waiting for visibility of element located by By.xpath: //span[normalize-space()=&apos;Client Group 1&apos;] (tried for 10 second(s) with 500 milliseconds interval)
Build info: version: &apos;4.0.0&apos;, revision: &apos;3a21814679&apos;
System info: host: &apos;DESKTOP-EI1MF8H&apos;, ip: &apos;192.168.31.17&apos;, os.name: &apos;Windows 10&apos;, os.arch: &apos;amd64&apos;, os.version: &apos;10.0&apos;, java.version: &apos;11.0.13&apos;
Driver info: org.openqa.selenium.remote.RemoteWebDriver
Capabilities {acceptInsecureCerts: false, browserName: chrome, browserVersion: 98.0.4758.82, chrome: {chromedriverVersion: 98.0.4758.80 (7f0488e8ba0d8..., userDataDir: C:\Users\tahni\AppData\Loca...}, goog:chromeOptions: {debuggerAddress: localhost:51190}, javascriptEnabled: true, networkConnectionEnabled: false, pageLoadStrategy: normal, platform: WINDOWS, platformName: WINDOWS, proxy: Proxy(), se:cdp: ws://192.168.31.17:4444/ses..., se:cdpVersion: 98.0.4758.82, setWindowRect: true, strictFileInteractability: false, timeouts: {implicit: 0, pageLoad: 300000, script: 30000}, unhandledPromptBehavior: dismiss and notify, webauthn:extension:credBlob: true, webauthn:extension:largeBlob: true, webauthn:virtualAuthenticators: true}
Session ID: 34bcb668c8b779d3ddce3f1db8cee99f
	at org.openqa.selenium.support.ui.WebDriverWait.timeoutException(WebDriverWait.java:138)
	at org.openqa.selenium.support.ui.FluentWait.until(FluentWait.java:231)
	at superAdmin.Clients.editClientGroup(Clients.java:458)
	at java.base/jdk.internal.reflect.NativeMethodAccessorImpl.invoke0(Native Method)
	at java.base/jdk.internal.reflect.NativeMethodAccessorImpl.invoke(NativeMethodAccessorImpl.java:62)
	at java.base/jdk.internal.reflect.DelegatingMethodAccessorImpl.invoke(DelegatingMethodAccessorImpl.java:43)
	at java.base/java.lang.reflect.Method.invoke(Method.java:566)
	at org.testng.internal.MethodInvocationHelper.invokeMethod(MethodInvocationHelper.java:133)
	at org.testng.internal.TestInvoker.invokeMethod(TestInvoker.java:598)
	at org.testng.internal.TestInvoker.invokeTestMethod(TestInvoker.java:173)
	at org.testng.internal.MethodRunner.runInSequence(MethodRunner.java:46)
	at org.testng.internal.TestInvoker$MethodInvocationAgent.invoke(TestInvoker.java:824)
	at org.testng.internal.TestInvoker.invokeTestMethods(TestInvoker.java:146)
	at org.testng.internal.TestMethodWorker.invokeTestMethods(TestMethodWorker.java:146)
	at org.testng.internal.TestMethodWorker.run(TestMethodWorker.java:128)
	at java.base/java.util.concurrent.ThreadPoolExecutor.runWorker(ThreadPoolExecutor.java:1128)
	at java.base/java.util.concurrent.ThreadPoolExecutor$Worker.run(ThreadPoolExecutor.java:628)
	at java.base/java.lang.Thread.run(Thread.java:834)
</pre></div></td>
<td>20</td>
<td>superAdmin.Clients@71a8adcf</td></tr>
<tr>
<td title='normalUser.Users.search()'><b>search</b><br>Test class: normalUser.Users</td>
<td><div><pre>org.openqa.selenium.NoSuchElementException: no such element: Unable to locate element: {&quot;method&quot;:&quot;xpath&quot;,&quot;selector&quot;:&quot;//tbody/tr[1]/td[3]&quot;}
  (Session info: chrome=98.0.4758.82)
For documentation on this error, please visit: https://selenium.dev/exceptions/#no_such_element
Build info: version: &apos;4.0.0&apos;, revision: &apos;3a21814679&apos;
System info: host: &apos;DESKTOP-EI1MF8H&apos;, ip: &apos;192.168.31.17&apos;, os.name: &apos;Windows 10&apos;, os.arch: &apos;amd64&apos;, os.version: &apos;10.0&apos;, java.version: &apos;11.0.13&apos;
Driver info: org.openqa.selenium.remote.RemoteWebDriver
Command: [2f192191b6dc31cfd92b91e7da9cc142, findElement {using=xpath, value=//tbody/tr[1]/td[3]}]
Capabilities {acceptInsecureCerts: false, browserName: chrome, browserVersion: 98.0.4758.82, chrome: {chromedriverVersion: 98.0.4758.80 (7f0488e8ba0d8..., userDataDir: C:\Users\tahni\AppData\Loca...}, goog:chromeOptions: {debuggerAddress: localhost:51225}, javascriptEnabled: true, networkConnectionEnabled: false, pageLoadStrategy: normal, platform: WINDOWS, platformName: WINDOWS, proxy: Proxy(), se:cdp: ws://192.168.31.17:4444/ses..., se:cdpVersion: 98.0.4758.82, setWindowRect: true, strictFileInteractability: false, timeouts: {implicit: 0, pageLoad: 300000, script: 30000}, unhandledPromptBehavior: dismiss and notify, webauthn:extension:credBlob: true, webauthn:extension:largeBlob: true, webauthn:virtualAuthenticators: true}
Session ID: 2f192191b6dc31cfd92b91e7da9cc142
	at org.openqa.selenium.remote.codec.w3c.W3CHttpResponseCodec.createException(W3CHttpResponseCodec.java:200)
	at org.openqa.selenium.remote.codec.w3c.W3CHttpResponseCodec.decode(W3CHttpResponseCodec.java:133)
	at org.openqa.selenium.remote.codec.w3c.W3CHttpResponseCodec.decode(W3CHttpResponseCodec.java:53)
	at org.openqa.selenium.remote.HttpCommandExecutor.execute(HttpCommandExecutor.java:184)
	at org.openqa.selenium.remote.TracedCommandExecutor.execute(TracedCommandExecutor.java:39)
	at org.openqa.selenium.remote.RemoteWebDriver.execute(RemoteWebDriver.java:559)
	at org.openqa.selenium.remote.ElementLocation$ElementFinder$2.findElement(ElementLocation.java:162)
	at org.openqa.selenium.remote.ElementLocation.findElement(ElementLocation.java:60)
	at org.openqa.selenium.remote.RemoteWebDriver.findElement(RemoteWebDriver.java:383)
	at org.openqa.selenium.remote.RemoteWebDriver.findElement(RemoteWebDriver.java:375)
	at normalUser.Users.search(Users.java:512)
	at java.base/java.util.concurrent.ThreadPoolExecutor.runWorker(ThreadPoolExecutor.java:1128)
	at java.base/java.util.concurrent.ThreadPoolExecutor$Worker.run(ThreadPoolExecutor.java:628)
	at java.base/java.lang.Thread.run(Thread.java:834)
... Removed 15 stack frames</pre></div><a href='#' onClick='toggleBox("stack-trace844405808", this, "Click to show all stack frames", "Click to hide stack frames")'>Click to show all stack frames</a>
<div class='stack-trace' id='stack-trace844405808'><pre>org.openqa.selenium.NoSuchElementException: no such element: Unable to locate element: {&quot;method&quot;:&quot;xpath&quot;,&quot;selector&quot;:&quot;//tbody/tr[1]/td[3]&quot;}
  (Session info: chrome=98.0.4758.82)
For documentation on this error, please visit: https://selenium.dev/exceptions/#no_such_element
Build info: version: &apos;4.0.0&apos;, revision: &apos;3a21814679&apos;
System info: host: &apos;DESKTOP-EI1MF8H&apos;, ip: &apos;192.168.31.17&apos;, os.name: &apos;Windows 10&apos;, os.arch: &apos;amd64&apos;, os.version: &apos;10.0&apos;, java.version: &apos;11.0.13&apos;
Driver info: org.openqa.selenium.remote.RemoteWebDriver
Command: [2f192191b6dc31cfd92b91e7da9cc142, findElement {using=xpath, value=//tbody/tr[1]/td[3]}]
Capabilities {acceptInsecureCerts: false, browserName: chrome, browserVersion: 98.0.4758.82, chrome: {chromedriverVersion: 98.0.4758.80 (7f0488e8ba0d8..., userDataDir: C:\Users\tahni\AppData\Loca...}, goog:chromeOptions: {debuggerAddress: localhost:51225}, javascriptEnabled: true, networkConnectionEnabled: false, pageLoadStrategy: normal, platform: WINDOWS, platformName: WINDOWS, proxy: Proxy(), se:cdp: ws://192.168.31.17:4444/ses..., se:cdpVersion: 98.0.4758.82, setWindowRect: true, strictFileInteractability: false, timeouts: {implicit: 0, pageLoad: 300000, script: 30000}, unhandledPromptBehavior: dismiss and notify, webauthn:extension:credBlob: true, webauthn:extension:largeBlob: true, webauthn:virtualAuthenticators: true}
Session ID: 2f192191b6dc31cfd92b91e7da9cc142
	at jdk.internal.reflect.GeneratedConstructorAccessor12.newInstance(Unknown Source)
	at java.base/jdk.internal.reflect.DelegatingConstructorAccessorImpl.newInstance(DelegatingConstructorAccessorImpl.java:45)
	at java.base/java.lang.reflect.Constructor.newInstance(Constructor.java:490)
	at org.openqa.selenium.remote.codec.w3c.W3CHttpResponseCodec.createException(W3CHttpResponseCodec.java:200)
	at org.openqa.selenium.remote.codec.w3c.W3CHttpResponseCodec.decode(W3CHttpResponseCodec.java:133)
	at org.openqa.selenium.remote.codec.w3c.W3CHttpResponseCodec.decode(W3CHttpResponseCodec.java:53)
	at org.openqa.selenium.remote.HttpCommandExecutor.execute(HttpCommandExecutor.java:184)
	at org.openqa.selenium.remote.TracedCommandExecutor.execute(TracedCommandExecutor.java:39)
	at org.openqa.selenium.remote.RemoteWebDriver.execute(RemoteWebDriver.java:559)
	at org.openqa.selenium.remote.ElementLocation$ElementFinder$2.findElement(ElementLocation.java:162)
	at org.openqa.selenium.remote.ElementLocation.findElement(ElementLocation.java:60)
	at org.openqa.selenium.remote.RemoteWebDriver.findElement(RemoteWebDriver.java:383)
	at org.openqa.selenium.remote.RemoteWebDriver.findElement(RemoteWebDriver.java:375)
	at normalUser.Users.search(Users.java:512)
	at java.base/jdk.internal.reflect.NativeMethodAccessorImpl.invoke0(Native Method)
	at java.base/jdk.internal.reflect.NativeMethodAccessorImpl.invoke(NativeMethodAccessorImpl.java:62)
	at java.base/jdk.internal.reflect.DelegatingMethodAccessorImpl.invoke(DelegatingMethodAccessorImpl.java:43)
	at java.base/java.lang.reflect.Method.invoke(Method.java:566)
	at org.testng.internal.MethodInvocationHelper.invokeMethod(MethodInvocationHelper.java:133)
	at org.testng.internal.TestInvoker.invokeMethod(TestInvoker.java:598)
	at org.testng.internal.TestInvoker.invokeTestMethod(TestInvoker.java:173)
	at org.testng.internal.MethodRunner.runInSequence(MethodRunner.java:46)
	at org.testng.internal.TestInvoker$MethodInvocationAgent.invoke(TestInvoker.java:824)
	at org.testng.internal.TestInvoker.invokeTestMethods(TestInvoker.java:146)
	at org.testng.internal.TestMethodWorker.invokeTestMethods(TestMethodWorker.java:146)
	at org.testng.internal.TestMethodWorker.run(TestMethodWorker.java:128)
	at java.base/java.util.concurrent.ThreadPoolExecutor.runWorker(ThreadPoolExecutor.java:1128)
	at java.base/java.util.concurrent.ThreadPoolExecutor$Worker.run(ThreadPoolExecutor.java:628)
	at java.base/java.lang.Thread.run(Thread.java:834)
</pre></div></td>
<td>13</td>
<td>normalUser.Users@26e356f0</td></tr>
<tr>
<td title='normalUser.Patients.addContactWithEmptyData()'><b>addContactWithEmptyData</b><br>Test class: normalUser.Patients</td>
<td><div><pre>org.openqa.selenium.TimeoutException: Expected condition failed: waiting for visibility of element located by By.xpath: //div[@class=&apos;v-messages__message&apos;] (tried for 10 second(s) with 500 milliseconds interval)
Build info: version: &apos;4.0.0&apos;, revision: &apos;3a21814679&apos;
System info: host: &apos;DESKTOP-EI1MF8H&apos;, ip: &apos;192.168.31.17&apos;, os.name: &apos;Windows 10&apos;, os.arch: &apos;amd64&apos;, os.version: &apos;10.0&apos;, java.version: &apos;11.0.13&apos;
Driver info: org.openqa.selenium.remote.RemoteWebDriver
Capabilities {acceptInsecureCerts: false, browserName: chrome, browserVersion: 98.0.4758.82, chrome: {chromedriverVersion: 98.0.4758.80 (7f0488e8ba0d8..., userDataDir: C:\Users\tahni\AppData\Loca...}, goog:chromeOptions: {debuggerAddress: localhost:51213}, javascriptEnabled: true, networkConnectionEnabled: false, pageLoadStrategy: normal, platform: WINDOWS, platformName: WINDOWS, proxy: Proxy(), se:cdp: ws://192.168.31.17:4444/ses..., se:cdpVersion: 98.0.4758.82, setWindowRect: true, strictFileInteractability: false, timeouts: {implicit: 0, pageLoad: 300000, script: 30000}, unhandledPromptBehavior: dismiss and notify, webauthn:extension:credBlob: true, webauthn:extension:largeBlob: true, webauthn:virtualAuthenticators: true}
Session ID: 54231fec99ad2dfe9d247fdec674d17a
	at org.openqa.selenium.support.ui.WebDriverWait.timeoutException(WebDriverWait.java:138)
	at org.openqa.selenium.support.ui.FluentWait.until(FluentWait.java:231)
	at normalUser.Patients.addContactWithEmptyData(Patients.java:540)
	at java.base/java.util.concurrent.ThreadPoolExecutor.runWorker(ThreadPoolExecutor.java:1128)
	at java.base/java.util.concurrent.ThreadPoolExecutor$Worker.run(ThreadPoolExecutor.java:628)
	at java.base/java.lang.Thread.run(Thread.java:834)
... Removed 12 stack frames</pre></div><a href='#' onClick='toggleBox("stack-trace1888462394", this, "Click to show all stack frames", "Click to hide stack frames")'>Click to show all stack frames</a>
<div class='stack-trace' id='stack-trace1888462394'><pre>org.openqa.selenium.TimeoutException: Expected condition failed: waiting for visibility of element located by By.xpath: //div[@class=&apos;v-messages__message&apos;] (tried for 10 second(s) with 500 milliseconds interval)
Build info: version: &apos;4.0.0&apos;, revision: &apos;3a21814679&apos;
System info: host: &apos;DESKTOP-EI1MF8H&apos;, ip: &apos;192.168.31.17&apos;, os.name: &apos;Windows 10&apos;, os.arch: &apos;amd64&apos;, os.version: &apos;10.0&apos;, java.version: &apos;11.0.13&apos;
Driver info: org.openqa.selenium.remote.RemoteWebDriver
Capabilities {acceptInsecureCerts: false, browserName: chrome, browserVersion: 98.0.4758.82, chrome: {chromedriverVersion: 98.0.4758.80 (7f0488e8ba0d8..., userDataDir: C:\Users\tahni\AppData\Loca...}, goog:chromeOptions: {debuggerAddress: localhost:51213}, javascriptEnabled: true, networkConnectionEnabled: false, pageLoadStrategy: normal, platform: WINDOWS, platformName: WINDOWS, proxy: Proxy(), se:cdp: ws://192.168.31.17:4444/ses..., se:cdpVersion: 98.0.4758.82, setWindowRect: true, strictFileInteractability: false, timeouts: {implicit: 0, pageLoad: 300000, script: 30000}, unhandledPromptBehavior: dismiss and notify, webauthn:extension:credBlob: true, webauthn:extension:largeBlob: true, webauthn:virtualAuthenticators: true}
Session ID: 54231fec99ad2dfe9d247fdec674d17a
	at org.openqa.selenium.support.ui.WebDriverWait.timeoutException(WebDriverWait.java:138)
	at org.openqa.selenium.support.ui.FluentWait.until(FluentWait.java:231)
	at normalUser.Patients.addContactWithEmptyData(Patients.java:540)
	at java.base/jdk.internal.reflect.NativeMethodAccessorImpl.invoke0(Native Method)
	at java.base/jdk.internal.reflect.NativeMethodAccessorImpl.invoke(NativeMethodAccessorImpl.java:62)
	at java.base/jdk.internal.reflect.DelegatingMethodAccessorImpl.invoke(DelegatingMethodAccessorImpl.java:43)
	at java.base/java.lang.reflect.Method.invoke(Method.java:566)
	at org.testng.internal.MethodInvocationHelper.invokeMethod(MethodInvocationHelper.java:133)
	at org.testng.internal.TestInvoker.invokeMethod(TestInvoker.java:598)
	at org.testng.internal.TestInvoker.invokeTestMethod(TestInvoker.java:173)
	at org.testng.internal.MethodRunner.runInSequence(MethodRunner.java:46)
	at org.testng.internal.TestInvoker$MethodInvocationAgent.invoke(TestInvoker.java:824)
	at org.testng.internal.TestInvoker.invokeTestMethods(TestInvoker.java:146)
	at org.testng.internal.TestMethodWorker.invokeTestMethods(TestMethodWorker.java:146)
	at org.testng.internal.TestMethodWorker.run(TestMethodWorker.java:128)
	at java.base/java.util.concurrent.ThreadPoolExecutor.runWorker(ThreadPoolExecutor.java:1128)
	at java.base/java.util.concurrent.ThreadPoolExecutor$Worker.run(ThreadPoolExecutor.java:628)
	at java.base/java.lang.Thread.run(Thread.java:834)
</pre></div></td>
<td>36</td>
<td>normalUser.Patients@54a7079e</td></tr>
<tr>
<td title='superAdmin.Locations.addNewLocationType()'><b>addNewLocationType</b><br>Test class: superAdmin.Locations</td>
<td><div><pre>java.lang.AssertionError: expected [Test SQA] but found [Test SQA ]
	at superAdmin.Locations.addNewLocationType(Locations.java:419)
	at java.base/java.util.concurrent.ThreadPoolExecutor.runWorker(ThreadPoolExecutor.java:1128)
	at java.base/java.util.concurrent.ThreadPoolExecutor$Worker.run(ThreadPoolExecutor.java:628)
	at java.base/java.lang.Thread.run(Thread.java:834)
... Removed 18 stack frames</pre></div><a href='#' onClick='toggleBox("stack-trace633574772", this, "Click to show all stack frames", "Click to hide stack frames")'>Click to show all stack frames</a>
<div class='stack-trace' id='stack-trace633574772'><pre>java.lang.AssertionError: expected [Test SQA] but found [Test SQA ]
	at org.testng.Assert.fail(Assert.java:99)
	at org.testng.Assert.failNotEquals(Assert.java:1037)
	at org.testng.Assert.assertEqualsImpl(Assert.java:140)
	at org.testng.Assert.assertEquals(Assert.java:122)
	at org.testng.Assert.assertEquals(Assert.java:629)
	at org.testng.Assert.assertEquals(Assert.java:639)
	at superAdmin.Locations.addNewLocationType(Locations.java:419)
	at java.base/jdk.internal.reflect.NativeMethodAccessorImpl.invoke0(Native Method)
	at java.base/jdk.internal.reflect.NativeMethodAccessorImpl.invoke(NativeMethodAccessorImpl.java:62)
	at java.base/jdk.internal.reflect.DelegatingMethodAccessorImpl.invoke(DelegatingMethodAccessorImpl.java:43)
	at java.base/java.lang.reflect.Method.invoke(Method.java:566)
	at org.testng.internal.MethodInvocationHelper.invokeMethod(MethodInvocationHelper.java:133)
	at org.testng.internal.TestInvoker.invokeMethod(TestInvoker.java:598)
	at org.testng.internal.TestInvoker.invokeTestMethod(TestInvoker.java:173)
	at org.testng.internal.MethodRunner.runInSequence(MethodRunner.java:46)
	at org.testng.internal.TestInvoker$MethodInvocationAgent.invoke(TestInvoker.java:824)
	at org.testng.internal.TestInvoker.invokeTestMethods(TestInvoker.java:146)
	at org.testng.internal.TestMethodWorker.invokeTestMethods(TestMethodWorker.java:146)
	at org.testng.internal.TestMethodWorker.run(TestMethodWorker.java:128)
	at java.base/java.util.concurrent.ThreadPoolExecutor.runWorker(ThreadPoolExecutor.java:1128)
	at java.base/java.util.concurrent.ThreadPoolExecutor$Worker.run(ThreadPoolExecutor.java:628)
	at java.base/java.lang.Thread.run(Thread.java:834)
</pre></div></td>
<td>18</td>
<td>superAdmin.Locations@4310d43</td></tr>
</table><p>
<table width='100%' border='1' class='invocation-passed'>
<tr><td colspan='4' align='center'><b>PASSED TESTS</b></td></tr>
<tr><td><b>Test method</b></td>
<td width="30%"><b>Exception</b></td>
<td width="10%"><b>Time (seconds)</b></td>
<td><b>Instance</b></td>
</tr>
<tr>
<td title='normalUser.Patients.addNewLocationToPatient()'><b>addNewLocationToPatient</b><br>Test class: normalUser.Patients</td>
<td></td>
<td>24</td>
<td>normalUser.Patients@54a7079e</td></tr>
<tr>
<td title='superAdmin.Clients.checkClientProfile()'><b>checkClientProfile</b><br>Test class: superAdmin.Clients</td>
<td></td>
<td>15</td>
<td>superAdmin.Clients@71a8adcf</td></tr>
<tr>
<td title='normalUser.Patients.addContactfromPatient()'><b>addContactfromPatient</b><br>Test class: normalUser.Patients</td>
<td></td>
<td>27</td>
<td>normalUser.Patients@54a7079e</td></tr>
<tr>
<td title='normalUser.Patients.loginUser()'><b>loginUser</b><br>Test class: normalUser.Patients</td>
<td></td>
<td>5</td>
<td>normalUser.Patients@54a7079e</td></tr>
<tr>
<td title='normalUser.Users.addUser()'><b>addUser</b><br>Test class: normalUser.Users</td>
<td></td>
<td>15</td>
<td>normalUser.Users@26e356f0</td></tr>
<tr>
<td title='normalUser.Patients.sheduleFormCancelButton()'><b>sheduleFormCancelButton</b><br>Test class: normalUser.Patients</td>
<td></td>
<td>12</td>
<td>normalUser.Patients@54a7079e</td></tr>
<tr>
<td title='normalUser.Patients.importPatientList()'><b>importPatientList</b><br>Test class: normalUser.Patients</td>
<td></td>
<td>8</td>
<td>normalUser.Patients@54a7079e</td></tr>
<tr>
<td title='superAdmin.Clients.checkClientTypeList()'><b>checkClientTypeList</b><br>Test class: superAdmin.Clients</td>
<td></td>
<td>13</td>
<td>superAdmin.Clients@71a8adcf</td></tr>
<tr>
<td title='superAdmin.Clients.search()'><b>search</b><br>Test class: superAdmin.Clients</td>
<td></td>
<td>14</td>
<td>superAdmin.Clients@71a8adcf</td></tr>
<tr>
<td title='superAdmin.Locations.contactFromLocation()'><b>contactFromLocation</b><br>Test class: superAdmin.Locations</td>
<td></td>
<td>15</td>
<td>superAdmin.Locations@4310d43</td></tr>
<tr>
<td title='superAdmin.Locations.addressWiseSort()'><b>addressWiseSort</b><br>Test class: superAdmin.Locations</td>
<td></td>
<td>8</td>
<td>superAdmin.Locations@4310d43</td></tr>
<tr>
<td title='superAdmin.Locations.checkLocationList()'><b>checkLocationList</b><br>Test class: superAdmin.Locations</td>
<td></td>
<td>8</td>
<td>superAdmin.Locations@4310d43</td></tr>
<tr>
<td title='normalUser.Patients.deletePatientInfo()'><b>deletePatientInfo</b><br>Test class: normalUser.Patients</td>
<td></td>
<td>13</td>
<td>normalUser.Patients@54a7079e</td></tr>
<tr>
<td title='normalUser.Patients.addSchdeuleWithEmpty()'><b>addSchdeuleWithEmpty</b><br>Test class: normalUser.Patients</td>
<td></td>
<td>24</td>
<td>normalUser.Patients@54a7079e</td></tr>
<tr>
<td title='normalUser.Users.loginUser()'><b>loginUser</b><br>Test class: normalUser.Users</td>
<td></td>
<td>6</td>
<td>normalUser.Users@26e356f0</td></tr>
<tr>
<td title='superAdmin.Clients.typeSort()'><b>typeSort</b><br>Test class: superAdmin.Clients</td>
<td></td>
<td>10</td>
<td>superAdmin.Clients@71a8adcf</td></tr>
<tr>
<td title='superAdmin.Locations.locationTypes()'><b>locationTypes</b><br>Test class: superAdmin.Locations</td>
<td></td>
<td>11</td>
<td>superAdmin.Locations@4310d43</td></tr>
<tr>
<td title='normalUser.Patients.addSchdeulefromPatient()'><b>addSchdeulefromPatient</b><br>Test class: normalUser.Patients</td>
<td></td>
<td>27</td>
<td>normalUser.Patients@54a7079e</td></tr>
<tr>
<td title='normalUser.Users.resetButton()'><b>resetButton</b><br>Test class: normalUser.Users</td>
<td></td>
<td>12</td>
<td>normalUser.Users@26e356f0</td></tr>
<tr>
<td title='normalUser.Users.profileOfUser()'><b>profileOfUser</b><br>Test class: normalUser.Users</td>
<td></td>
<td>18</td>
<td>normalUser.Users@26e356f0</td></tr>
<tr>
<td title='superAdmin.Locations.patientFromLocation()'><b>patientFromLocation</b><br>Test class: superAdmin.Locations</td>
<td></td>
<td>15</td>
<td>superAdmin.Locations@4310d43</td></tr>
<tr>
<td title='normalUser.Users.closeButton()'><b>closeButton</b><br>Test class: normalUser.Users</td>
<td></td>
<td>9</td>
<td>normalUser.Users@26e356f0</td></tr>
<tr>
<td title='normalUser.Users.userList()'><b>userList</b><br>Test class: normalUser.Users</td>
<td></td>
<td>9</td>
<td>normalUser.Users@26e356f0</td></tr>
<tr>
<td title='superAdmin.Locations.updateTypes()'><b>updateTypes</b><br>Test class: superAdmin.Locations</td>
<td></td>
<td>17</td>
<td>superAdmin.Locations@4310d43</td></tr>
<tr>
<td title='normalUser.Users.cancelButton()'><b>cancelButton</b><br>Test class: normalUser.Users</td>
<td></td>
<td>8</td>
<td>normalUser.Users@26e356f0</td></tr>
<tr>
<td title='normalUser.Patients.patientsList()'><b>patientsList</b><br>Test class: normalUser.Patients</td>
<td></td>
<td>5</td>
<td>normalUser.Patients@54a7079e</td></tr>
<tr>
<td title='superAdmin.Clients.checkLocationStatus()'><b>checkLocationStatus</b><br>Test class: superAdmin.Clients</td>
<td></td>
<td>26</td>
<td>superAdmin.Clients@71a8adcf</td></tr>
<tr>
<td title='normalUser.Patients.editPatientInfo()'><b>editPatientInfo</b><br>Test class: normalUser.Patients</td>
<td></td>
<td>15</td>
<td>normalUser.Patients@54a7079e</td></tr>
<tr>
<td title='superAdmin.Clients.changeStatusToInactive()'><b>changeStatusToInactive</b><br>Test class: superAdmin.Clients</td>
<td></td>
<td>16</td>
<td>superAdmin.Clients@71a8adcf</td></tr>
<tr>
<td title='superAdmin.Clients.login()'><b>login</b><br>Test class: superAdmin.Clients</td>
<td></td>
<td>6</td>
<td>superAdmin.Clients@71a8adcf</td></tr>
<tr>
<td title='superAdmin.Clients.checkPatientStatus()'><b>checkPatientStatus</b><br>Test class: superAdmin.Clients</td>
<td></td>
<td>26</td>
<td>superAdmin.Clients@71a8adcf</td></tr>
<tr>
<td title='normalUser.Patients.search()'><b>search</b><br>Test class: normalUser.Patients</td>
<td></td>
<td>11</td>
<td>normalUser.Patients@54a7079e</td></tr>
<tr>
<td title='superAdmin.Clients.addNewClientGroup()'><b>addNewClientGroup</b><br>Test class: superAdmin.Clients</td>
<td></td>
<td>13</td>
<td>superAdmin.Clients@71a8adcf</td></tr>
<tr>
<td title='superAdmin.Locations.acronymWiseTypeSort()'><b>acronymWiseTypeSort</b><br>Test class: superAdmin.Locations</td>
<td></td>
<td>10</td>
<td>superAdmin.Locations@4310d43</td></tr>
<tr>
<td title='normalUser.Patients.addContactFromPatientList()'><b>addContactFromPatientList</b><br>Test class: normalUser.Patients</td>
<td></td>
<td>18</td>
<td>normalUser.Patients@54a7079e</td></tr>
<tr>
<td title='superAdmin.Locations.verifyElemntsOnPageTest()'><b>verifyElemntsOnPageTest</b><br>Test class: superAdmin.Locations</td>
<td></td>
<td>0</td>
<td>superAdmin.Locations@4310d43</td></tr>
<tr>
<td title='normalUser.Patients.invalidPatientData()'><b>invalidPatientData</b><br>Test class: normalUser.Patients</td>
<td></td>
<td>18</td>
<td>normalUser.Patients@54a7079e</td></tr>
<tr>
<td title='normalUser.Users.validateNewUser()'><b>validateNewUser</b><br>Test class: normalUser.Users</td>
<td></td>
<td>10</td>
<td>normalUser.Users@26e356f0</td></tr>
<tr>
<td title='normalUser.Patients.addEmptySheduleFromPatientList()'><b>addEmptySheduleFromPatientList</b><br>Test class: normalUser.Patients</td>
<td></td>
<td>15</td>
<td>normalUser.Patients@54a7079e</td></tr>
<tr>
<td title='superAdmin.Clients.verifyElemntsOnPageTest()'><b>verifyElemntsOnPageTest</b><br>Test class: superAdmin.Clients</td>
<td></td>
<td>0</td>
<td>superAdmin.Clients@71a8adcf</td></tr>
<tr>
<td title='normalUser.Patients.contactFormCancelButton()'><b>contactFormCancelButton</b><br>Test class: normalUser.Patients</td>
<td></td>
<td>14</td>
<td>normalUser.Patients@54a7079e</td></tr>
<tr>
<td title='superAdmin.Locations.nameWiseTypeSort()'><b>nameWiseTypeSort</b><br>Test class: superAdmin.Locations</td>
<td></td>
<td>10</td>
<td>superAdmin.Locations@4310d43</td></tr>
<tr>
<td title='superAdmin.Clients.checkUserStatus()'><b>checkUserStatus</b><br>Test class: superAdmin.Clients</td>
<td></td>
<td>25</td>
<td>superAdmin.Clients@71a8adcf</td></tr>
<tr>
<td title='normalUser.Users.validUserData()'><b>validUserData</b><br>Test class: normalUser.Users</td>
<td></td>
<td>15</td>
<td>normalUser.Users@26e356f0</td></tr>
<tr>
<td title='superAdmin.Locations.resetButton()'><b>resetButton</b><br>Test class: superAdmin.Locations</td>
<td></td>
<td>15</td>
<td>superAdmin.Locations@4310d43</td></tr>
<tr>
<td title='superAdmin.Locations.search()'><b>search</b><br>Test class: superAdmin.Locations</td>
<td></td>
<td>11</td>
<td>superAdmin.Locations@4310d43</td></tr>
<tr>
<td title='superAdmin.Locations.login()'><b>login</b><br>Test class: superAdmin.Locations</td>
<td></td>
<td>6</td>
<td>superAdmin.Locations@4310d43</td></tr>
<tr>
<td title='superAdmin.Clients.changeStatusToActive()'><b>changeStatusToActive</b><br>Test class: superAdmin.Clients</td>
<td></td>
<td>16</td>
<td>superAdmin.Clients@71a8adcf</td></tr>
<tr>
<td title='superAdmin.Clients.nameSort()'><b>nameSort</b><br>Test class: superAdmin.Clients</td>
<td></td>
<td>10</td>
<td>superAdmin.Clients@71a8adcf</td></tr>
<tr>
<td title='superAdmin.Clients.checkClientList()'><b>checkClientList</b><br>Test class: superAdmin.Clients</td>
<td></td>
<td>11</td>
<td>superAdmin.Clients@71a8adcf</td></tr>
<tr>
<td title='normalUser.Users.existedUser()'><b>existedUser</b><br>Test class: normalUser.Users</td>
<td></td>
<td>12</td>
<td>normalUser.Users@26e356f0</td></tr>
<tr>
<td title='normalUser.Patients.addPatient()'><b>addPatient</b><br>Test class: normalUser.Patients</td>
<td></td>
<td>8</td>
<td>normalUser.Patients@54a7079e</td></tr>
<tr>
<td title='normalUser.Patients.addSheduleFromPatientList()'><b>addSheduleFromPatientList</b><br>Test class: normalUser.Patients</td>
<td></td>
<td>17</td>
<td>normalUser.Patients@54a7079e</td></tr>
<tr>
<td title='normalUser.Patients.validPatientData()'><b>validPatientData</b><br>Test class: normalUser.Patients</td>
<td></td>
<td>22</td>
<td>normalUser.Patients@54a7079e</td></tr>
<tr>
<td title='superAdmin.Locations.statusWiseSort()'><b>statusWiseSort</b><br>Test class: superAdmin.Locations</td>
<td></td>
<td>8</td>
<td>superAdmin.Locations@4310d43</td></tr>
<tr>
<td title='superAdmin.Locations.cancelButton()'><b>cancelButton</b><br>Test class: superAdmin.Locations</td>
<td></td>
<td>13</td>
<td>superAdmin.Locations@4310d43</td></tr>
</table><p>
</body>
</html>