<?xml version="1.0" encoding="UTF-8"?>
<testng-results ignored="0" total="5" passed="4" failed="1" skipped="0">
  <reporter-output>
  </reporter-output>
  <suite started-at="2022-01-30T15:49:32 BDT" name="Parallel test suite" finished-at="2022-01-30T15:50:17 BDT" duration-ms="44573">
    <groups>
    </groups>
    <test started-at="2022-01-30T15:49:32 BDT" name="Chrome - Login" finished-at="2022-01-30T15:50:17 BDT" duration-ms="44573">
      <class name="superAdmin.Login">
        <test-method is-config="true" signature="beforeSuit()[pri:0, instance:superAdmin.Login@2c35e847]" started-at="2022-01-30T15:49:32 BDT" name="beforeSuit" finished-at="2022-01-30T15:49:32 BDT" duration-ms="7" status="PASS">
          <reporter-output>
          </reporter-output>
        </test-method> <!-- beforeSuit -->
        <test-method is-config="true" signature="setup(java.lang.String)[pri:0, instance:superAdmin.Login@2c35e847]" started-at="2022-01-30T15:49:32 BDT" name="setup" finished-at="2022-01-30T15:49:35 BDT" duration-ms="3181" status="PASS">
          <params>
            <param index="0">
              <value>
                <![CDATA[chrome]]>
              </value>
            </param>
          </params>
          <reporter-output>
          </reporter-output>
        </test-method> <!-- setup -->
        <test-method is-config="true" signature="openBrowser()[pri:0, instance:superAdmin.Login@2c35e847]" started-at="2022-01-30T15:49:36 BDT" name="openBrowser" finished-at="2022-01-30T15:49:46 BDT" duration-ms="10101" status="PASS">
          <reporter-output>
          </reporter-output>
        </test-method> <!-- openBrowser -->
        <test-method signature="verifyElemntsOnPageTest()[pri:1, instance:superAdmin.Login@2c35e847]" started-at="2022-01-30T15:49:46 BDT" name="verifyElemntsOnPageTest" finished-at="2022-01-30T15:49:46 BDT" duration-ms="262" status="PASS">
          <reporter-output>
          </reporter-output>
        </test-method> <!-- verifyElemntsOnPageTest -->
        <test-method is-config="true" signature="openBrowser()[pri:0, instance:superAdmin.Login@2c35e847]" started-at="2022-01-30T15:49:46 BDT" name="openBrowser" finished-at="2022-01-30T15:49:50 BDT" duration-ms="3933" status="PASS">
          <reporter-output>
          </reporter-output>
        </test-method> <!-- openBrowser -->
        <test-method signature="verifyLogin()[pri:2, instance:superAdmin.Login@2c35e847]" started-at="2022-01-30T15:49:50 BDT" name="verifyLogin" finished-at="2022-01-30T15:49:56 BDT" duration-ms="5846" status="FAIL">
          <exception class="java.lang.AssertionError">
            <message>
              <![CDATA[expected [https://dev.zntral.net/dashboard] but found [https://dev.zntral.net/session/login]]]>
            </message>
            <full-stacktrace>
              <![CDATA[java.lang.AssertionError: expected [https://dev.zntral.net/dashboard] but found [https://dev.zntral.net/session/login]
at org.testng.Assert.fail(Assert.java:99)
at org.testng.Assert.failNotEquals(Assert.java:1037)
at org.testng.Assert.assertEqualsImpl(Assert.java:140)
at org.testng.Assert.assertEquals(Assert.java:122)
at org.testng.Assert.assertEquals(Assert.java:629)
at org.testng.Assert.assertEquals(Assert.java:639)
at superAdmin.Login.verifyLogin(Login.java:122)
at java.base/jdk.internal.reflect.NativeMethodAccessorImpl.invoke0(Native Method)
at java.base/jdk.internal.reflect.NativeMethodAccessorImpl.invoke(NativeMethodAccessorImpl.java:62)
at java.base/jdk.internal.reflect.DelegatingMethodAccessorImpl.invoke(DelegatingMethodAccessorImpl.java:43)
at java.base/java.lang.reflect.Method.invoke(Method.java:566)
at org.testng.internal.MethodInvocationHelper.invokeMethod(MethodInvocationHelper.java:133)
at org.testng.internal.TestInvoker.invokeMethod(TestInvoker.java:598)
at org.testng.internal.TestInvoker.invokeTestMethod(TestInvoker.java:173)
at org.testng.internal.MethodRunner.runInSequence(MethodRunner.java:46)
at org.testng.internal.TestInvoker$MethodInvocationAgent.invoke(TestInvoker.java:824)
at org.testng.internal.TestInvoker.invokeTestMethods(TestInvoker.java:146)
at org.testng.internal.TestMethodWorker.invokeTestMethods(TestMethodWorker.java:146)
at org.testng.internal.TestMethodWorker.run(TestMethodWorker.java:128)
at java.base/java.util.concurrent.ThreadPoolExecutor.runWorker(ThreadPoolExecutor.java:1128)
at java.base/java.util.concurrent.ThreadPoolExecutor$Worker.run(ThreadPoolExecutor.java:628)
at java.base/java.lang.Thread.run(Thread.java:834)
]]>
            </full-stacktrace>
          </exception> <!-- java.lang.AssertionError -->
          <reporter-output>
          </reporter-output>
        </test-method> <!-- verifyLogin -->
        <test-method is-config="true" signature="openBrowser()[pri:0, instance:superAdmin.Login@2c35e847]" started-at="2022-01-30T15:49:56 BDT" name="openBrowser" finished-at="2022-01-30T15:50:00 BDT" duration-ms="3780" status="PASS">
          <reporter-output>
          </reporter-output>
        </test-method> <!-- openBrowser -->
        <test-method signature="loginWithoutUsername()[pri:3, instance:superAdmin.Login@2c35e847]" started-at="2022-01-30T15:50:00 BDT" name="loginWithoutUsername" finished-at="2022-01-30T15:50:01 BDT" duration-ms="1736" status="PASS">
          <reporter-output>
          </reporter-output>
        </test-method> <!-- loginWithoutUsername -->
        <test-method is-config="true" signature="openBrowser()[pri:0, instance:superAdmin.Login@2c35e847]" started-at="2022-01-30T15:50:01 BDT" name="openBrowser" finished-at="2022-01-30T15:50:05 BDT" duration-ms="3801" status="PASS">
          <reporter-output>
          </reporter-output>
        </test-method> <!-- openBrowser -->
        <test-method signature="loginWithoutPassword()[pri:4, instance:superAdmin.Login@2c35e847]" started-at="2022-01-30T15:50:05 BDT" name="loginWithoutPassword" finished-at="2022-01-30T15:50:07 BDT" duration-ms="1969" status="PASS">
          <reporter-output>
          </reporter-output>
        </test-method> <!-- loginWithoutPassword -->
        <test-method is-config="true" signature="openBrowser()[pri:0, instance:superAdmin.Login@2c35e847]" started-at="2022-01-30T15:50:07 BDT" name="openBrowser" finished-at="2022-01-30T15:50:11 BDT" duration-ms="3813" status="PASS">
          <reporter-output>
          </reporter-output>
        </test-method> <!-- openBrowser -->
        <test-method signature="invalidLoginInfo()[pri:5, instance:superAdmin.Login@2c35e847]" started-at="2022-01-30T15:50:11 BDT" name="invalidLoginInfo" finished-at="2022-01-30T15:50:17 BDT" duration-ms="5743" status="PASS">
          <reporter-output>
          </reporter-output>
        </test-method> <!-- invalidLoginInfo -->
        <test-method is-config="true" signature="tearDown()[pri:0, instance:superAdmin.Login@2c35e847]" started-at="2022-01-30T15:50:17 BDT" name="tearDown" finished-at="2022-01-30T15:50:17 BDT" duration-ms="193" status="PASS">
          <reporter-output>
          </reporter-output>
        </test-method> <!-- tearDown -->
        <test-method is-config="true" signature="afterSuit()[pri:0, instance:superAdmin.Login@2c35e847]" started-at="2022-01-30T15:50:17 BDT" name="afterSuit" finished-at="2022-01-30T15:50:17 BDT" duration-ms="0" status="PASS">
          <reporter-output>
          </reporter-output>
        </test-method> <!-- afterSuit -->
      </class> <!-- superAdmin.Login -->
    </test> <!-- Chrome - Login -->
  </suite> <!-- Parallel test suite -->
</testng-results>
