<?xml version="1.0" encoding="UTF-8"?>
<!-- Generated by org.testng.reporters.JUnitReportReporter -->
<testsuite hostname="DESKTOP-EI1MF8H" failures="0" tests="19" name="normalUser.Patients" time="409.131" errors="1" timestamp="2022-02-13T17:25:16 BDT" skipped="0">
  <testcase classname="normalUser.Patients" name="addNewLocationToPatient" time="27.486"/>
  <system-out/>
  <testcase classname="normalUser.Patients" name="importPatientList" time="12.329"/>
  <system-out/>
  <testcase classname="normalUser.Patients" name="loginUser" time="8.967"/>
  <system-out/>
  <testcase classname="normalUser.Patients" name="patientsList" time="9.176"/>
  <system-out/>
  <testcase classname="normalUser.Patients" name="search" time="15.148"/>
  <system-out/>
  <testcase classname="normalUser.Patients" name="addPatient" time="12.275"/>
  <system-out/>
  <testcase classname="normalUser.Patients" name="validPatientData" time="39.705"/>
  <system-out/>
  <testcase classname="normalUser.Patients" name="invalidPatientData" time="21.903"/>
  <system-out/>
  <testcase classname="normalUser.Patients" name="editPatientInfo" time="18.761"/>
  <system-out/>
  <testcase classname="normalUser.Patients" name="deletePatientInfo" time="17.261"/>
  <system-out/>
  <testcase classname="normalUser.Patients" name="addContactfromPatient" time="31.349"/>
  <system-out/>
  <testcase classname="normalUser.Patients" name="addContactWithEmptyData" time="40.253">
    <error message="Expected condition failed: waiting for visibility of element located by By.xpath: //div[@class=&#039;v-messages__message&#039;] (tried for 10 second(s) with 500 milliseconds interval)
Build info: version: &#039;4.0.0&#039;, revision: &#039;3a21814679&#039;
System info: host: &#039;DESKTOP-EI1MF8H&#039;, ip: &#039;192.168.31.17&#039;, os.name: &#039;Windows 10&#039;, os.arch: &#039;amd64&#039;, os.version: &#039;10.0&#039;, java.version: &#039;11.0.13&#039;
Driver info: org.openqa.selenium.remote.RemoteWebDriver
Capabilities {acceptInsecureCerts: false, browserName: chrome, browserVersion: 98.0.4758.82, chrome: {chromedriverVersion: 98.0.4758.80 (7f0488e8ba0d8..., userDataDir: C:\Users\tahni\AppData\Loca...}, goog:chromeOptions: {debuggerAddress: localhost:51213}, javascriptEnabled: true, networkConnectionEnabled: false, pageLoadStrategy: normal, platform: WINDOWS, platformName: WINDOWS, proxy: Proxy(), se:cdp: ws://192.168.31.17:4444/ses..., se:cdpVersion: 98.0.4758.82, setWindowRect: true, strictFileInteractability: false, timeouts: {implicit: 0, pageLoad: 300000, script: 30000}, unhandledPromptBehavior: dismiss and notify, webauthn:extension:credBlob: true, webauthn:extension:largeBlob: true, webauthn:virtualAuthenticators: true}
Session ID: 54231fec99ad2dfe9d247fdec674d17a" type="org.openqa.selenium.TimeoutException">
      <![CDATA[org.openqa.selenium.TimeoutException: Expected condition failed: waiting for visibility of element located by By.xpath: //div[@class='v-messages__message'] (tried for 10 second(s) with 500 milliseconds interval)
Build info: version: '4.0.0', revision: '3a21814679'
System info: host: 'DESKTOP-EI1MF8H', ip: '192.168.31.17', os.name: 'Windows 10', os.arch: 'amd64', os.version: '10.0', java.version: '11.0.13'
Driver info: org.openqa.selenium.remote.RemoteWebDriver
Capabilities {acceptInsecureCerts: false, browserName: chrome, browserVersion: 98.0.4758.82, chrome: {chromedriverVersion: 98.0.4758.80 (7f0488e8ba0d8..., userDataDir: C:\Users\tahni\AppData\Loca...}, goog:chromeOptions: {debuggerAddress: localhost:51213}, javascriptEnabled: true, networkConnectionEnabled: false, pageLoadStrategy: normal, platform: WINDOWS, platformName: WINDOWS, proxy: Proxy(), se:cdp: ws://192.168.31.17:4444/ses..., se:cdpVersion: 98.0.4758.82, setWindowRect: true, strictFileInteractability: false, timeouts: {implicit: 0, pageLoad: 300000, script: 30000}, unhandledPromptBehavior: dismiss and notify, webauthn:extension:credBlob: true, webauthn:extension:largeBlob: true, webauthn:virtualAuthenticators: true}
Session ID: 54231fec99ad2dfe9d247fdec674d17a
at org.openqa.selenium.support.ui.WebDriverWait.timeoutException(WebDriverWait.java:138)
at org.openqa.selenium.support.ui.FluentWait.until(FluentWait.java:231)
at normalUser.Patients.addContactWithEmptyData(Patients.java:540)
at java.base/jdk.internal.reflect.NativeMethodAccessorImpl.invoke0(Native Method)
at java.base/jdk.internal.reflect.NativeMethodAccessorImpl.invoke(NativeMethodAccessorImpl.java:62)
at java.base/jdk.internal.reflect.DelegatingMethodAccessorImpl.invoke(DelegatingMethodAccessorImpl.java:43)
at java.base/java.lang.reflect.Method.invoke(Method.java:566)
at org.testng.internal.MethodInvocationHelper.invokeMethod(MethodInvocationHelper.java:133)
at org.testng.internal.TestInvoker.invokeMethod(TestInvoker.java:598)
at org.testng.internal.TestInvoker.invokeTestMethod(TestInvoker.java:173)
at org.testng.internal.MethodRunner.runInSequence(MethodRunner.java:46)
at org.testng.internal.TestInvoker$MethodInvocationAgent.invoke(TestInvoker.java:824)
at org.testng.internal.TestInvoker.invokeTestMethods(TestInvoker.java:146)
at org.testng.internal.TestMethodWorker.invokeTestMethods(TestMethodWorker.java:146)
at org.testng.internal.TestMethodWorker.run(TestMethodWorker.java:128)
at java.base/java.util.concurrent.ThreadPoolExecutor.runWorker(ThreadPoolExecutor.java:1128)
at java.base/java.util.concurrent.ThreadPoolExecutor$Worker.run(ThreadPoolExecutor.java:628)
at java.base/java.lang.Thread.run(Thread.java:834)
]]>
    </error>
  </testcase> <!-- addContactWithEmptyData -->
  <system-out/>
  <testcase classname="normalUser.Patients" name="addContactFromPatientList" time="21.944"/>
  <system-out/>
  <testcase classname="normalUser.Patients" name="addSchdeulefromPatient" time="31.093"/>
  <system-out/>
  <testcase classname="normalUser.Patients" name="addSheduleFromPatientList" time="21.036"/>
  <system-out/>
  <testcase classname="normalUser.Patients" name="addSchdeuleWithEmpty" time="28.072"/>
  <system-out/>
  <testcase classname="normalUser.Patients" name="addEmptySheduleFromPatientList" time="18.882"/>
  <system-out/>
  <testcase classname="normalUser.Patients" name="contactFormCancelButton" time="17.857"/>
  <system-out/>
  <testcase classname="normalUser.Patients" name="sheduleFormCancelButton" time="15.634"/>
  <system-out/>
</testsuite> <!-- normalUser.Patients -->
