<?xml version="1.0" encoding="UTF-8"?>
<!-- Generated by org.testng.reporters.JUnitReportReporter -->
<testsuite hostname="DESKTOP-EI1MF8H" failures="1" tests="15" name="superAdmin.Locations" time="237.911" errors="0" timestamp="2022-02-13T17:25:16 BDT" skipped="0">
  <testcase classname="superAdmin.Locations" name="verifyElemntsOnPageTest" time="3.856"/>
  <system-out/>
  <testcase classname="superAdmin.Locations" name="login" time="9.895"/>
  <system-out/>
  <testcase classname="superAdmin.Locations" name="checkLocationList" time="12.593"/>
  <system-out/>
  <testcase classname="superAdmin.Locations" name="search" time="15.698"/>
  <system-out/>
  <testcase classname="superAdmin.Locations" name="patientFromLocation" time="18.672"/>
  <system-out/>
  <testcase classname="superAdmin.Locations" name="contactFromLocation" time="18.638"/>
  <system-out/>
  <testcase classname="superAdmin.Locations" name="locationTypes" time="15.311"/>
  <system-out/>
  <testcase classname="superAdmin.Locations" name="updateTypes" time="21.334"/>
  <system-out/>
  <testcase classname="superAdmin.Locations" name="resetButton" time="19.450"/>
  <system-out/>
  <testcase classname="superAdmin.Locations" name="addNewLocationType" time="23.543">
    <failure message="expected [Test SQA] but found [Test SQA ]" type="java.lang.AssertionError">
      <![CDATA[java.lang.AssertionError: expected [Test SQA] but found [Test SQA ]
at org.testng.Assert.fail(Assert.java:99)
at org.testng.Assert.failNotEquals(Assert.java:1037)
at org.testng.Assert.assertEqualsImpl(Assert.java:140)
at org.testng.Assert.assertEquals(Assert.java:122)
at org.testng.Assert.assertEquals(Assert.java:629)
at org.testng.Assert.assertEquals(Assert.java:639)
at superAdmin.Locations.addNewLocationType(Locations.java:419)
at java.base/jdk.internal.reflect.NativeMethodAccessorImpl.invoke0(Native Method)
at java.base/jdk.internal.reflect.NativeMethodAccessorImpl.invoke(NativeMethodAccessorImpl.java:62)
at java.base/jdk.internal.reflect.DelegatingMethodAccessorImpl.invoke(DelegatingMethodAccessorImpl.java:43)
at java.base/java.lang.reflect.Method.invoke(Method.java:566)
at org.testng.internal.MethodInvocationHelper.invokeMethod(MethodInvocationHelper.java:133)
at org.testng.internal.TestInvoker.invokeMethod(TestInvoker.java:598)
at org.testng.internal.TestInvoker.invokeTestMethod(TestInvoker.java:173)
at org.testng.internal.MethodRunner.runInSequence(MethodRunner.java:46)
at org.testng.internal.TestInvoker$MethodInvocationAgent.invoke(TestInvoker.java:824)
at org.testng.internal.TestInvoker.invokeTestMethods(TestInvoker.java:146)
at org.testng.internal.TestMethodWorker.invokeTestMethods(TestMethodWorker.java:146)
at org.testng.internal.TestMethodWorker.run(TestMethodWorker.java:128)
at java.base/java.util.concurrent.ThreadPoolExecutor.runWorker(ThreadPoolExecutor.java:1128)
at java.base/java.util.concurrent.ThreadPoolExecutor$Worker.run(ThreadPoolExecutor.java:628)
at java.base/java.lang.Thread.run(Thread.java:834)
]]>
    </failure>
  </testcase> <!-- addNewLocationType -->
  <system-out/>
  <testcase classname="superAdmin.Locations" name="cancelButton" time="16.772"/>
  <system-out/>
  <testcase classname="superAdmin.Locations" name="addressWiseSort" time="12.516"/>
  <system-out/>
  <testcase classname="superAdmin.Locations" name="statusWiseSort" time="12.528"/>
  <system-out/>
  <testcase classname="superAdmin.Locations" name="nameWiseTypeSort" time="14.403"/>
  <system-out/>
  <testcase classname="superAdmin.Locations" name="acronymWiseTypeSort" time="22.702"/>
  <system-out/>
</testsuite> <!-- superAdmin.Locations -->
