<html>
<head>
<title>TestNG:  Test Suite</title>
<link href="../testng.css" rel="stylesheet" type="text/css" />
<link href="../my-testng.css" rel="stylesheet" type="text/css" />

<style type="text/css">
.log { display: none;} 
.stack-trace { display: none;} 
</style>
<script type="text/javascript">
<!--
function flip(e) {
  current = e.style.display;
  if (current == 'block') {
    e.style.display = 'none';
    return 0;
  }
  else {
    e.style.display = 'block';
    return 1;
  }
}

function toggleBox(szDivId, elem, msg1, msg2)
{
  var res = -1;  if (document.getElementById) {
    res = flip(document.getElementById(szDivId));
  }
  else if (document.all) {
    // this is the way old msie versions work
    res = flip(document.all[szDivId]);
  }
  if(elem) {
    if(res == 0) elem.innerHTML = msg1; else elem.innerHTML = msg2;
  }

}

function toggleAllBoxes() {
  if (document.getElementsByTagName) {
    d = document.getElementsByTagName('div');
    for (i = 0; i < d.length; i++) {
      if (d[i].className == 'log') {
        flip(d[i]);
      }
    }
  }
}

// -->
</script>

</head>
<body>
<h2 align='center'>Test Suite</h2><table border='1' align="center">
<tr>
<td>Tests passed/Failed/Skipped:</td><td>30/3/0</td>
</tr><tr>
<td>Started on:</td><td>Sun May 15 15:06:20 BDT 2022</td>
</tr>
<tr><td>Total time:</td><td>648 seconds (648988 ms)</td>
</tr><tr>
<td>Included groups:</td><td></td>
</tr><tr>
<td>Excluded groups:</td><td></td>
</tr>
</table><p/>
<small><i>(Hover the method name to see the test class name)</i></small><p/>
<table width='100%' border='1' class='invocation-failed'>
<tr><td colspan='4' align='center'><b>FAILED CONFIGURATIONS</b></td></tr>
<tr><td><b>Test method</b></td>
<td width="30%"><b>Exception</b></td>
<td width="10%"><b>Time (seconds)</b></td>
<td><b>Instance</b></td>
</tr>
<tr>
<td title='normalUser.LoginTest.tearDown()'><b>tearDown</b><br>Test class: normalUser.LoginTest</td>
<td><div><pre>org.openqa.selenium.WebDriverException: Unable to execute request for an existing session: Unable to find session with ID: 2f3e7d1d66508626e891ce6feac4642a
Build info: version: &apos;4.1.1&apos;, revision: &apos;e8fcc2cecf&apos;
System info: host: &apos;5011d583efc0&apos;, ip: &apos;172.18.0.2&apos;, os.name: &apos;Linux&apos;, os.arch: &apos;amd64&apos;, os.version: &apos;5.10.16.3-microsoft-standard-WSL2&apos;, java.version: &apos;11.0.13&apos;
Driver info: driver.version: unknown
Build info: version: &apos;4.0.0&apos;, revision: &apos;3a21814679&apos;
System info: host: &apos;DESKTOP-EI1MF8H&apos;, ip: &apos;192.168.31.17&apos;, os.name: &apos;Windows 10&apos;, os.arch: &apos;amd64&apos;, os.version: &apos;10.0&apos;, java.version: &apos;11.0.13&apos;
Driver info: org.openqa.selenium.remote.RemoteWebDriver
Command: [2f3e7d1d66508626e891ce6feac4642a, quit {}]
Capabilities {acceptInsecureCerts: false, browserName: chrome, browserVersion: 98.0.4758.102, chrome: {chromedriverVersion: 98.0.4758.102 (273bf7ac8c90..., userDataDir: /tmp/.com.google.Chrome.lvXsQk}, goog:chromeOptions: {debuggerAddress: localhost:41339}, javascriptEnabled: true, networkConnectionEnabled: false, pageLoadStrategy: normal, platform: LINUX, platformName: LINUX, proxy: Proxy(), se:cdp: ws://172.18.0.5:4444/sessio..., se:cdpVersion: 98.0.4758.102, se:vnc: ws://172.18.0.5:4444/sessio..., se:vncEnabled: true, se:vncLocalAddress: ws://172.18.0.5:7900, setWindowRect: true, strictFileInteractability: false, timeouts: {implicit: 0, pageLoad: 300000, script: 30000}, unhandledPromptBehavior: dismiss and notify, webauthn:extension:credBlob: true, webauthn:extension:largeBlob: true, webauthn:virtualAuthenticators: true}
Session ID: 2f3e7d1d66508626e891ce6feac4642a
	at org.openqa.selenium.remote.codec.w3c.W3CHttpResponseCodec.createException(W3CHttpResponseCodec.java:200)
	at org.openqa.selenium.remote.codec.w3c.W3CHttpResponseCodec.decode(W3CHttpResponseCodec.java:133)
	at org.openqa.selenium.remote.codec.w3c.W3CHttpResponseCodec.decode(W3CHttpResponseCodec.java:53)
	at org.openqa.selenium.remote.HttpCommandExecutor.execute(HttpCommandExecutor.java:184)
	at org.openqa.selenium.remote.TracedCommandExecutor.execute(TracedCommandExecutor.java:39)
	at org.openqa.selenium.remote.RemoteWebDriver.execute(RemoteWebDriver.java:559)
	at org.openqa.selenium.remote.RemoteWebDriver.execute(RemoteWebDriver.java:614)
	at org.openqa.selenium.remote.RemoteWebDriver.execute(RemoteWebDriver.java:618)
	at org.openqa.selenium.remote.RemoteWebDriver.quit(RemoteWebDriver.java:455)
	at normalUser.LoginTest.tearDown(LoginTest.java:58)
... Removed 28 stack frames</pre></div><a href='#' onClick='toggleBox("stack-trace87255309", this, "Click to show all stack frames", "Click to hide stack frames")'>Click to show all stack frames</a>
<div class='stack-trace' id='stack-trace87255309'><pre>org.openqa.selenium.WebDriverException: Unable to execute request for an existing session: Unable to find session with ID: 2f3e7d1d66508626e891ce6feac4642a
Build info: version: &apos;4.1.1&apos;, revision: &apos;e8fcc2cecf&apos;
System info: host: &apos;5011d583efc0&apos;, ip: &apos;172.18.0.2&apos;, os.name: &apos;Linux&apos;, os.arch: &apos;amd64&apos;, os.version: &apos;5.10.16.3-microsoft-standard-WSL2&apos;, java.version: &apos;11.0.13&apos;
Driver info: driver.version: unknown
Build info: version: &apos;4.0.0&apos;, revision: &apos;3a21814679&apos;
System info: host: &apos;DESKTOP-EI1MF8H&apos;, ip: &apos;192.168.31.17&apos;, os.name: &apos;Windows 10&apos;, os.arch: &apos;amd64&apos;, os.version: &apos;10.0&apos;, java.version: &apos;11.0.13&apos;
Driver info: org.openqa.selenium.remote.RemoteWebDriver
Command: [2f3e7d1d66508626e891ce6feac4642a, quit {}]
Capabilities {acceptInsecureCerts: false, browserName: chrome, browserVersion: 98.0.4758.102, chrome: {chromedriverVersion: 98.0.4758.102 (273bf7ac8c90..., userDataDir: /tmp/.com.google.Chrome.lvXsQk}, goog:chromeOptions: {debuggerAddress: localhost:41339}, javascriptEnabled: true, networkConnectionEnabled: false, pageLoadStrategy: normal, platform: LINUX, platformName: LINUX, proxy: Proxy(), se:cdp: ws://172.18.0.5:4444/sessio..., se:cdpVersion: 98.0.4758.102, se:vnc: ws://172.18.0.5:4444/sessio..., se:vncEnabled: true, se:vncLocalAddress: ws://172.18.0.5:7900, setWindowRect: true, strictFileInteractability: false, timeouts: {implicit: 0, pageLoad: 300000, script: 30000}, unhandledPromptBehavior: dismiss and notify, webauthn:extension:credBlob: true, webauthn:extension:largeBlob: true, webauthn:virtualAuthenticators: true}
Session ID: 2f3e7d1d66508626e891ce6feac4642a
	at java.base/jdk.internal.reflect.NativeConstructorAccessorImpl.newInstance0(Native Method)
	at java.base/jdk.internal.reflect.NativeConstructorAccessorImpl.newInstance(NativeConstructorAccessorImpl.java:62)
	at java.base/jdk.internal.reflect.DelegatingConstructorAccessorImpl.newInstance(DelegatingConstructorAccessorImpl.java:45)
	at java.base/java.lang.reflect.Constructor.newInstance(Constructor.java:490)
	at org.openqa.selenium.remote.codec.w3c.W3CHttpResponseCodec.createException(W3CHttpResponseCodec.java:200)
	at org.openqa.selenium.remote.codec.w3c.W3CHttpResponseCodec.decode(W3CHttpResponseCodec.java:133)
	at org.openqa.selenium.remote.codec.w3c.W3CHttpResponseCodec.decode(W3CHttpResponseCodec.java:53)
	at org.openqa.selenium.remote.HttpCommandExecutor.execute(HttpCommandExecutor.java:184)
	at org.openqa.selenium.remote.TracedCommandExecutor.execute(TracedCommandExecutor.java:39)
	at org.openqa.selenium.remote.RemoteWebDriver.execute(RemoteWebDriver.java:559)
	at org.openqa.selenium.remote.RemoteWebDriver.execute(RemoteWebDriver.java:614)
	at org.openqa.selenium.remote.RemoteWebDriver.execute(RemoteWebDriver.java:618)
	at org.openqa.selenium.remote.RemoteWebDriver.quit(RemoteWebDriver.java:455)
	at normalUser.LoginTest.tearDown(LoginTest.java:58)
	at java.base/jdk.internal.reflect.NativeMethodAccessorImpl.invoke0(Native Method)
	at java.base/jdk.internal.reflect.NativeMethodAccessorImpl.invoke(NativeMethodAccessorImpl.java:62)
	at java.base/jdk.internal.reflect.DelegatingMethodAccessorImpl.invoke(DelegatingMethodAccessorImpl.java:43)
	at java.base/java.lang.reflect.Method.invoke(Method.java:566)
	at org.testng.internal.MethodInvocationHelper.invokeMethod(MethodInvocationHelper.java:133)
	at org.testng.internal.MethodInvocationHelper.invokeMethodConsideringTimeout(MethodInvocationHelper.java:62)
	at org.testng.internal.ConfigInvoker.invokeConfigurationMethod(ConfigInvoker.java:385)
	at org.testng.internal.ConfigInvoker.invokeConfigurations(ConfigInvoker.java:321)
	at org.testng.TestRunner.invokeTestConfigurations(TestRunner.java:637)
	at org.testng.TestRunner.afterRun(TestRunner.java:877)
	at org.testng.TestRunner.run(TestRunner.java:599)
	at org.testng.SuiteRunner.runTest(SuiteRunner.java:377)
	at org.testng.SuiteRunner.runSequentially(SuiteRunner.java:371)
	at org.testng.SuiteRunner.privateRun(SuiteRunner.java:332)
	at org.testng.SuiteRunner.run(SuiteRunner.java:276)
	at org.testng.SuiteRunnerWorker.runSuite(SuiteRunnerWorker.java:53)
	at org.testng.SuiteRunnerWorker.run(SuiteRunnerWorker.java:96)
	at org.testng.TestNG.runSuitesSequentially(TestNG.java:1212)
	at org.testng.TestNG.runSuitesLocally(TestNG.java:1134)
	at org.testng.TestNG.runSuites(TestNG.java:1063)
	at org.testng.TestNG.run(TestNG.java:1031)
	at org.testng.remote.AbstractRemoteTestNG.run(AbstractRemoteTestNG.java:115)
	at org.testng.remote.RemoteTestNG.initAndRun(RemoteTestNG.java:251)
	at org.testng.remote.RemoteTestNG.main(RemoteTestNG.java:77)
</pre></div></td>
<td>0</td>
<td>normalUser.LoginTest@6cce16f4</td></tr>
</table><p>
<table width='100%' border='1' class='invocation-skipped'>
<tr><td colspan='4' align='center'><b>SKIPPED CONFIGURATIONS</b></td></tr>
<tr><td><b>Test method</b></td>
<td width="30%"><b>Exception</b></td>
<td width="10%"><b>Time (seconds)</b></td>
<td><b>Instance</b></td>
</tr>
<tr>
<td title='normalUser.Patients.tearDown()'><b>tearDown</b><br>Test class: normalUser.Patients</td>
<td></td>
<td>-1652606228</td>
<td>normalUser.Patients@2bb3058</td></tr>
</table><p>
<table width='100%' border='1' class='invocation-failed'>
<tr><td colspan='4' align='center'><b>FAILED TESTS</b></td></tr>
<tr><td><b>Test method</b></td>
<td width="30%"><b>Exception</b></td>
<td width="10%"><b>Time (seconds)</b></td>
<td><b>Instance</b></td>
</tr>
<tr>
<td title='normalUser.Patients.addPatient()'><b>addPatient</b><br>Test class: normalUser.Patients</td>
<td><div><pre>org.openqa.selenium.TimeoutException: Expected condition failed: waiting for visibility of element located by By.xpath: //div[contains(text(),&apos;Add New Patient&apos;)] (tried for 10 second(s) with 500 milliseconds interval)
Build info: version: &apos;4.0.0&apos;, revision: &apos;3a21814679&apos;
System info: host: &apos;DESKTOP-EI1MF8H&apos;, ip: &apos;192.168.31.17&apos;, os.name: &apos;Windows 10&apos;, os.arch: &apos;amd64&apos;, os.version: &apos;10.0&apos;, java.version: &apos;11.0.13&apos;
Driver info: org.openqa.selenium.remote.RemoteWebDriver
Capabilities {acceptInsecureCerts: false, browserName: chrome, browserVersion: 98.0.4758.102, chrome: {chromedriverVersion: 98.0.4758.102 (273bf7ac8c90..., userDataDir: /tmp/.com.google.Chrome.kVPukn}, goog:chromeOptions: {debuggerAddress: localhost:37295}, javascriptEnabled: true, networkConnectionEnabled: false, pageLoadStrategy: normal, platform: LINUX, platformName: LINUX, proxy: Proxy(), se:cdp: ws://172.18.0.5:4444/sessio..., se:cdpVersion: 98.0.4758.102, se:vnc: ws://172.18.0.5:4444/sessio..., se:vncEnabled: true, se:vncLocalAddress: ws://172.18.0.5:7900, setWindowRect: true, strictFileInteractability: false, timeouts: {implicit: 0, pageLoad: 300000, script: 30000}, unhandledPromptBehavior: dismiss and notify, webauthn:extension:credBlob: true, webauthn:extension:largeBlob: true, webauthn:virtualAuthenticators: true}
Session ID: 18680dcf957bf5b2d12a702f906e8863
	at org.openqa.selenium.support.ui.WebDriverWait.timeoutException(WebDriverWait.java:138)
	at org.openqa.selenium.support.ui.FluentWait.until(FluentWait.java:231)
	at normalUser.Patients.addPatient(Patients.java:144)
	at java.base/java.util.ArrayList.forEach(ArrayList.java:1541)
... Removed 27 stack frames</pre></div><a href='#' onClick='toggleBox("stack-trace685827172", this, "Click to show all stack frames", "Click to hide stack frames")'>Click to show all stack frames</a>
<div class='stack-trace' id='stack-trace685827172'><pre>org.openqa.selenium.TimeoutException: Expected condition failed: waiting for visibility of element located by By.xpath: //div[contains(text(),&apos;Add New Patient&apos;)] (tried for 10 second(s) with 500 milliseconds interval)
Build info: version: &apos;4.0.0&apos;, revision: &apos;3a21814679&apos;
System info: host: &apos;DESKTOP-EI1MF8H&apos;, ip: &apos;192.168.31.17&apos;, os.name: &apos;Windows 10&apos;, os.arch: &apos;amd64&apos;, os.version: &apos;10.0&apos;, java.version: &apos;11.0.13&apos;
Driver info: org.openqa.selenium.remote.RemoteWebDriver
Capabilities {acceptInsecureCerts: false, browserName: chrome, browserVersion: 98.0.4758.102, chrome: {chromedriverVersion: 98.0.4758.102 (273bf7ac8c90..., userDataDir: /tmp/.com.google.Chrome.kVPukn}, goog:chromeOptions: {debuggerAddress: localhost:37295}, javascriptEnabled: true, networkConnectionEnabled: false, pageLoadStrategy: normal, platform: LINUX, platformName: LINUX, proxy: Proxy(), se:cdp: ws://172.18.0.5:4444/sessio..., se:cdpVersion: 98.0.4758.102, se:vnc: ws://172.18.0.5:4444/sessio..., se:vncEnabled: true, se:vncLocalAddress: ws://172.18.0.5:7900, setWindowRect: true, strictFileInteractability: false, timeouts: {implicit: 0, pageLoad: 300000, script: 30000}, unhandledPromptBehavior: dismiss and notify, webauthn:extension:credBlob: true, webauthn:extension:largeBlob: true, webauthn:virtualAuthenticators: true}
Session ID: 18680dcf957bf5b2d12a702f906e8863
	at org.openqa.selenium.support.ui.WebDriverWait.timeoutException(WebDriverWait.java:138)
	at org.openqa.selenium.support.ui.FluentWait.until(FluentWait.java:231)
	at normalUser.Patients.addPatient(Patients.java:144)
	at java.base/jdk.internal.reflect.NativeMethodAccessorImpl.invoke0(Native Method)
	at java.base/jdk.internal.reflect.NativeMethodAccessorImpl.invoke(NativeMethodAccessorImpl.java:62)
	at java.base/jdk.internal.reflect.DelegatingMethodAccessorImpl.invoke(DelegatingMethodAccessorImpl.java:43)
	at java.base/java.lang.reflect.Method.invoke(Method.java:566)
	at org.testng.internal.MethodInvocationHelper.invokeMethod(MethodInvocationHelper.java:133)
	at org.testng.internal.TestInvoker.invokeMethod(TestInvoker.java:598)
	at org.testng.internal.TestInvoker.invokeTestMethod(TestInvoker.java:173)
	at org.testng.internal.MethodRunner.runInSequence(MethodRunner.java:46)
	at org.testng.internal.TestInvoker$MethodInvocationAgent.invoke(TestInvoker.java:824)
	at org.testng.internal.TestInvoker.invokeTestMethods(TestInvoker.java:146)
	at org.testng.internal.TestMethodWorker.invokeTestMethods(TestMethodWorker.java:146)
	at org.testng.internal.TestMethodWorker.run(TestMethodWorker.java:128)
	at java.base/java.util.ArrayList.forEach(ArrayList.java:1541)
	at org.testng.TestRunner.privateRun(TestRunner.java:794)
	at org.testng.TestRunner.run(TestRunner.java:596)
	at org.testng.SuiteRunner.runTest(SuiteRunner.java:377)
	at org.testng.SuiteRunner.runSequentially(SuiteRunner.java:371)
	at org.testng.SuiteRunner.privateRun(SuiteRunner.java:332)
	at org.testng.SuiteRunner.run(SuiteRunner.java:276)
	at org.testng.SuiteRunnerWorker.runSuite(SuiteRunnerWorker.java:53)
	at org.testng.SuiteRunnerWorker.run(SuiteRunnerWorker.java:96)
	at org.testng.TestNG.runSuitesSequentially(TestNG.java:1212)
	at org.testng.TestNG.runSuitesLocally(TestNG.java:1134)
	at org.testng.TestNG.runSuites(TestNG.java:1063)
	at org.testng.TestNG.run(TestNG.java:1031)
	at org.testng.remote.AbstractRemoteTestNG.run(AbstractRemoteTestNG.java:115)
	at org.testng.remote.RemoteTestNG.initAndRun(RemoteTestNG.java:251)
	at org.testng.remote.RemoteTestNG.main(RemoteTestNG.java:77)
</pre></div></td>
<td>16</td>
<td>normalUser.Patients@2bb3058</td></tr>
<tr>
<td title='normalUser.Patients.addSchdeulefromPatient()'><b>addSchdeulefromPatient</b><br>Test class: normalUser.Patients</td>
<td><div><pre>org.openqa.selenium.ElementClickInterceptedException: element click intercepted: Element &lt;button type=&quot;button&quot; class=&quot;v-btn v-btn--text v-btn--rounded theme--light&quot;&gt;...&lt;/button&gt; is not clickable at point (494, 552). Other element would receive the click: &lt;div class=&quot;v-btn__content&quot;&gt;...&lt;/div&gt;
  (Session info: chrome=98.0.4758.102)
Build info: version: &apos;4.0.0&apos;, revision: &apos;3a21814679&apos;
System info: host: &apos;DESKTOP-EI1MF8H&apos;, ip: &apos;192.168.31.17&apos;, os.name: &apos;Windows 10&apos;, os.arch: &apos;amd64&apos;, os.version: &apos;10.0&apos;, java.version: &apos;11.0.13&apos;
Driver info: org.openqa.selenium.remote.RemoteWebDriver
Command: [18680dcf957bf5b2d12a702f906e8863, clickElement {id=370590d2-f665-4001-afb8-d7be2d27d2ab}]
Capabilities {acceptInsecureCerts: false, browserName: chrome, browserVersion: 98.0.4758.102, chrome: {chromedriverVersion: 98.0.4758.102 (273bf7ac8c90..., userDataDir: /tmp/.com.google.Chrome.kVPukn}, goog:chromeOptions: {debuggerAddress: localhost:37295}, javascriptEnabled: true, networkConnectionEnabled: false, pageLoadStrategy: normal, platform: LINUX, platformName: LINUX, proxy: Proxy(), se:cdp: ws://172.18.0.5:4444/sessio..., se:cdpVersion: 98.0.4758.102, se:vnc: ws://172.18.0.5:4444/sessio..., se:vncEnabled: true, se:vncLocalAddress: ws://172.18.0.5:7900, setWindowRect: true, strictFileInteractability: false, timeouts: {implicit: 0, pageLoad: 300000, script: 30000}, unhandledPromptBehavior: dismiss and notify, webauthn:extension:credBlob: true, webauthn:extension:largeBlob: true, webauthn:virtualAuthenticators: true}
Element: [[RemoteWebDriver: chrome on LINUX (18680dcf957bf5b2d12a702f906e8863)] -&gt; xpath: //tbody/tr[5]/td[2]/button[1]]
Session ID: 18680dcf957bf5b2d12a702f906e8863
	at org.openqa.selenium.remote.codec.w3c.W3CHttpResponseCodec.createException(W3CHttpResponseCodec.java:200)
	at org.openqa.selenium.remote.codec.w3c.W3CHttpResponseCodec.decode(W3CHttpResponseCodec.java:133)
	at org.openqa.selenium.remote.codec.w3c.W3CHttpResponseCodec.decode(W3CHttpResponseCodec.java:53)
	at org.openqa.selenium.remote.HttpCommandExecutor.execute(HttpCommandExecutor.java:184)
	at org.openqa.selenium.remote.TracedCommandExecutor.execute(TracedCommandExecutor.java:39)
	at org.openqa.selenium.remote.RemoteWebDriver.execute(RemoteWebDriver.java:559)
	at org.openqa.selenium.remote.RemoteWebElement.execute(RemoteWebElement.java:251)
	at org.openqa.selenium.remote.RemoteWebElement.click(RemoteWebElement.java:77)
	at normalUser.Patients.addSchdeulefromPatient(Patients.java:544)
	at java.base/java.util.ArrayList.forEach(ArrayList.java:1541)
... Removed 31 stack frames</pre></div><a href='#' onClick='toggleBox("stack-trace1422562336", this, "Click to show all stack frames", "Click to hide stack frames")'>Click to show all stack frames</a>
<div class='stack-trace' id='stack-trace1422562336'><pre>org.openqa.selenium.ElementClickInterceptedException: element click intercepted: Element &lt;button type=&quot;button&quot; class=&quot;v-btn v-btn--text v-btn--rounded theme--light&quot;&gt;...&lt;/button&gt; is not clickable at point (494, 552). Other element would receive the click: &lt;div class=&quot;v-btn__content&quot;&gt;...&lt;/div&gt;
  (Session info: chrome=98.0.4758.102)
Build info: version: &apos;4.0.0&apos;, revision: &apos;3a21814679&apos;
System info: host: &apos;DESKTOP-EI1MF8H&apos;, ip: &apos;192.168.31.17&apos;, os.name: &apos;Windows 10&apos;, os.arch: &apos;amd64&apos;, os.version: &apos;10.0&apos;, java.version: &apos;11.0.13&apos;
Driver info: org.openqa.selenium.remote.RemoteWebDriver
Command: [18680dcf957bf5b2d12a702f906e8863, clickElement {id=370590d2-f665-4001-afb8-d7be2d27d2ab}]
Capabilities {acceptInsecureCerts: false, browserName: chrome, browserVersion: 98.0.4758.102, chrome: {chromedriverVersion: 98.0.4758.102 (273bf7ac8c90..., userDataDir: /tmp/.com.google.Chrome.kVPukn}, goog:chromeOptions: {debuggerAddress: localhost:37295}, javascriptEnabled: true, networkConnectionEnabled: false, pageLoadStrategy: normal, platform: LINUX, platformName: LINUX, proxy: Proxy(), se:cdp: ws://172.18.0.5:4444/sessio..., se:cdpVersion: 98.0.4758.102, se:vnc: ws://172.18.0.5:4444/sessio..., se:vncEnabled: true, se:vncLocalAddress: ws://172.18.0.5:7900, setWindowRect: true, strictFileInteractability: false, timeouts: {implicit: 0, pageLoad: 300000, script: 30000}, unhandledPromptBehavior: dismiss and notify, webauthn:extension:credBlob: true, webauthn:extension:largeBlob: true, webauthn:virtualAuthenticators: true}
Element: [[RemoteWebDriver: chrome on LINUX (18680dcf957bf5b2d12a702f906e8863)] -&gt; xpath: //tbody/tr[5]/td[2]/button[1]]
Session ID: 18680dcf957bf5b2d12a702f906e8863
	at java.base/jdk.internal.reflect.NativeConstructorAccessorImpl.newInstance0(Native Method)
	at java.base/jdk.internal.reflect.NativeConstructorAccessorImpl.newInstance(NativeConstructorAccessorImpl.java:62)
	at java.base/jdk.internal.reflect.DelegatingConstructorAccessorImpl.newInstance(DelegatingConstructorAccessorImpl.java:45)
	at java.base/java.lang.reflect.Constructor.newInstance(Constructor.java:490)
	at org.openqa.selenium.remote.codec.w3c.W3CHttpResponseCodec.createException(W3CHttpResponseCodec.java:200)
	at org.openqa.selenium.remote.codec.w3c.W3CHttpResponseCodec.decode(W3CHttpResponseCodec.java:133)
	at org.openqa.selenium.remote.codec.w3c.W3CHttpResponseCodec.decode(W3CHttpResponseCodec.java:53)
	at org.openqa.selenium.remote.HttpCommandExecutor.execute(HttpCommandExecutor.java:184)
	at org.openqa.selenium.remote.TracedCommandExecutor.execute(TracedCommandExecutor.java:39)
	at org.openqa.selenium.remote.RemoteWebDriver.execute(RemoteWebDriver.java:559)
	at org.openqa.selenium.remote.RemoteWebElement.execute(RemoteWebElement.java:251)
	at org.openqa.selenium.remote.RemoteWebElement.click(RemoteWebElement.java:77)
	at normalUser.Patients.addSchdeulefromPatient(Patients.java:544)
	at java.base/jdk.internal.reflect.NativeMethodAccessorImpl.invoke0(Native Method)
	at java.base/jdk.internal.reflect.NativeMethodAccessorImpl.invoke(NativeMethodAccessorImpl.java:62)
	at java.base/jdk.internal.reflect.DelegatingMethodAccessorImpl.invoke(DelegatingMethodAccessorImpl.java:43)
	at java.base/java.lang.reflect.Method.invoke(Method.java:566)
	at org.testng.internal.MethodInvocationHelper.invokeMethod(MethodInvocationHelper.java:133)
	at org.testng.internal.TestInvoker.invokeMethod(TestInvoker.java:598)
	at org.testng.internal.TestInvoker.invokeTestMethod(TestInvoker.java:173)
	at org.testng.internal.MethodRunner.runInSequence(MethodRunner.java:46)
	at org.testng.internal.TestInvoker$MethodInvocationAgent.invoke(TestInvoker.java:824)
	at org.testng.internal.TestInvoker.invokeTestMethods(TestInvoker.java:146)
	at org.testng.internal.TestMethodWorker.invokeTestMethods(TestMethodWorker.java:146)
	at org.testng.internal.TestMethodWorker.run(TestMethodWorker.java:128)
	at java.base/java.util.ArrayList.forEach(ArrayList.java:1541)
	at org.testng.TestRunner.privateRun(TestRunner.java:794)
	at org.testng.TestRunner.run(TestRunner.java:596)
	at org.testng.SuiteRunner.runTest(SuiteRunner.java:377)
	at org.testng.SuiteRunner.runSequentially(SuiteRunner.java:371)
	at org.testng.SuiteRunner.privateRun(SuiteRunner.java:332)
	at org.testng.SuiteRunner.run(SuiteRunner.java:276)
	at org.testng.SuiteRunnerWorker.runSuite(SuiteRunnerWorker.java:53)
	at org.testng.SuiteRunnerWorker.run(SuiteRunnerWorker.java:96)
	at org.testng.TestNG.runSuitesSequentially(TestNG.java:1212)
	at org.testng.TestNG.runSuitesLocally(TestNG.java:1134)
	at org.testng.TestNG.runSuites(TestNG.java:1063)
	at org.testng.TestNG.run(TestNG.java:1031)
	at org.testng.remote.AbstractRemoteTestNG.run(AbstractRemoteTestNG.java:115)
	at org.testng.remote.RemoteTestNG.initAndRun(RemoteTestNG.java:251)
	at org.testng.remote.RemoteTestNG.main(RemoteTestNG.java:77)
</pre></div></td>
<td>20</td>
<td>normalUser.Patients@2bb3058</td></tr>
<tr>
<td title='normalUser.LoginTest.verifyLogin()'><b>verifyLogin</b><br>Test class: normalUser.LoginTest</td>
<td><div><pre>java.lang.AssertionError: expected [https://dev.zntral.net/dashboarda] but found [https://dev.zntral.net/dashboard]
	at normalUser.LoginTest.verifyLogin(LoginTest.java:115)
	at java.base/java.util.ArrayList.forEach(ArrayList.java:1541)
... Removed 33 stack frames</pre></div><a href='#' onClick='toggleBox("stack-trace1441014857", this, "Click to show all stack frames", "Click to hide stack frames")'>Click to show all stack frames</a>
<div class='stack-trace' id='stack-trace1441014857'><pre>java.lang.AssertionError: expected [https://dev.zntral.net/dashboarda] but found [https://dev.zntral.net/dashboard]
	at org.testng.Assert.fail(Assert.java:99)
	at org.testng.Assert.failNotEquals(Assert.java:1037)
	at org.testng.Assert.assertEqualsImpl(Assert.java:140)
	at org.testng.Assert.assertEquals(Assert.java:122)
	at org.testng.Assert.assertEquals(Assert.java:629)
	at org.testng.Assert.assertEquals(Assert.java:639)
	at normalUser.LoginTest.verifyLogin(LoginTest.java:115)
	at java.base/jdk.internal.reflect.NativeMethodAccessorImpl.invoke0(Native Method)
	at java.base/jdk.internal.reflect.NativeMethodAccessorImpl.invoke(NativeMethodAccessorImpl.java:62)
	at java.base/jdk.internal.reflect.DelegatingMethodAccessorImpl.invoke(DelegatingMethodAccessorImpl.java:43)
	at java.base/java.lang.reflect.Method.invoke(Method.java:566)
	at org.testng.internal.MethodInvocationHelper.invokeMethod(MethodInvocationHelper.java:133)
	at org.testng.internal.TestInvoker.invokeMethod(TestInvoker.java:598)
	at org.testng.internal.TestInvoker.invokeTestMethod(TestInvoker.java:173)
	at org.testng.internal.MethodRunner.runInSequence(MethodRunner.java:46)
	at org.testng.internal.TestInvoker$MethodInvocationAgent.invoke(TestInvoker.java:824)
	at org.testng.internal.TestInvoker.invokeTestMethods(TestInvoker.java:146)
	at org.testng.internal.TestMethodWorker.invokeTestMethods(TestMethodWorker.java:146)
	at org.testng.internal.TestMethodWorker.run(TestMethodWorker.java:128)
	at java.base/java.util.ArrayList.forEach(ArrayList.java:1541)
	at org.testng.TestRunner.privateRun(TestRunner.java:794)
	at org.testng.TestRunner.run(TestRunner.java:596)
	at org.testng.SuiteRunner.runTest(SuiteRunner.java:377)
	at org.testng.SuiteRunner.runSequentially(SuiteRunner.java:371)
	at org.testng.SuiteRunner.privateRun(SuiteRunner.java:332)
	at org.testng.SuiteRunner.run(SuiteRunner.java:276)
	at org.testng.SuiteRunnerWorker.runSuite(SuiteRunnerWorker.java:53)
	at org.testng.SuiteRunnerWorker.run(SuiteRunnerWorker.java:96)
	at org.testng.TestNG.runSuitesSequentially(TestNG.java:1212)
	at org.testng.TestNG.runSuitesLocally(TestNG.java:1134)
	at org.testng.TestNG.runSuites(TestNG.java:1063)
	at org.testng.TestNG.run(TestNG.java:1031)
	at org.testng.remote.AbstractRemoteTestNG.run(AbstractRemoteTestNG.java:115)
	at org.testng.remote.RemoteTestNG.initAndRun(RemoteTestNG.java:251)
	at org.testng.remote.RemoteTestNG.main(RemoteTestNG.java:77)
</pre></div></td>
<td>8</td>
<td>normalUser.LoginTest@6cce16f4</td></tr>
</table><p>
<table width='100%' border='1' class='invocation-passed'>
<tr><td colspan='4' align='center'><b>PASSED TESTS</b></td></tr>
<tr><td><b>Test method</b></td>
<td width="30%"><b>Exception</b></td>
<td width="10%"><b>Time (seconds)</b></td>
<td><b>Instance</b></td>
</tr>
<tr>
<td title='normalUser.Patients.validPatientData()'><b>validPatientData</b><br>Test class: normalUser.Patients</td>
<td></td>
<td>22</td>
<td>normalUser.Patients@2bb3058</td></tr>
<tr>
<td title='normalUser.Patients.patientStatus()'><b>patientStatus</b><br>Test class: normalUser.Patients</td>
<td></td>
<td>19</td>
<td>normalUser.Patients@2bb3058</td></tr>
<tr>
<td title='normalUser.Patients.hospMD()'><b>hospMD</b><br>Test class: normalUser.Patients</td>
<td></td>
<td>17</td>
<td>normalUser.Patients@2bb3058</td></tr>
<tr>
<td title='normalUser.Patients.patientsList()'><b>patientsList</b><br>Test class: normalUser.Patients</td>
<td></td>
<td>6</td>
<td>normalUser.Patients@2bb3058</td></tr>
<tr>
<td title='normalUser.LoginTest.loginWithEmptyField()'><b>loginWithEmptyField</b><br>Test class: normalUser.LoginTest</td>
<td></td>
<td>0</td>
<td>normalUser.LoginTest@6cce16f4</td></tr>
<tr>
<td title='normalUser.Patients.invalidPatientName()'><b>invalidPatientName</b><br>Test class: normalUser.Patients</td>
<td></td>
<td>15</td>
<td>normalUser.Patients@2bb3058</td></tr>
<tr>
<td title='normalUser.Patients.addSchdeuleWithEmpty()'><b>addSchdeuleWithEmpty</b><br>Test class: normalUser.Patients</td>
<td></td>
<td>24</td>
<td>normalUser.Patients@2bb3058</td></tr>
<tr>
<td title='normalUser.LoginTest.randomInput()'><b>randomInput</b><br>Test class: normalUser.LoginTest</td>
<td></td>
<td>6</td>
<td>normalUser.LoginTest@6cce16f4</td></tr>
<tr>
<td title='normalUser.Patients.editPatientInfo()'><b>editPatientInfo</b><br>Test class: normalUser.Patients</td>
<td></td>
<td>15</td>
<td>normalUser.Patients@2bb3058</td></tr>
<tr>
<td title='normalUser.Patients.initialVisit()'><b>initialVisit</b><br>Test class: normalUser.Patients</td>
<td></td>
<td>17</td>
<td>normalUser.Patients@2bb3058</td></tr>
<tr>
<td title='normalUser.Patients.addContactWithEmptyData()'><b>addContactWithEmptyData</b><br>Test class: normalUser.Patients</td>
<td></td>
<td>25</td>
<td>normalUser.Patients@2bb3058</td></tr>
<tr>
<td title='normalUser.Patients.addEmptySheduleFromPatientList()'><b>addEmptySheduleFromPatientList</b><br>Test class: normalUser.Patients</td>
<td></td>
<td>19</td>
<td>normalUser.Patients@2bb3058</td></tr>
<tr>
<td title='normalUser.Patients.sheduleFormCancelButton()'><b>sheduleFormCancelButton</b><br>Test class: normalUser.Patients</td>
<td></td>
<td>15</td>
<td>normalUser.Patients@2bb3058</td></tr>
<tr>
<td title='normalUser.Patients.endOfCareForm()'><b>endOfCareForm</b><br>Test class: normalUser.Patients</td>
<td></td>
<td>17</td>
<td>normalUser.Patients@2bb3058</td></tr>
<tr>
<td title='normalUser.Patients.deletePatientInfo()'><b>deletePatientInfo</b><br>Test class: normalUser.Patients</td>
<td></td>
<td>13</td>
<td>normalUser.Patients@2bb3058</td></tr>
<tr>
<td title='normalUser.Patients.addContactfromPatient()'><b>addContactfromPatient</b><br>Test class: normalUser.Patients</td>
<td></td>
<td>25</td>
<td>normalUser.Patients@2bb3058</td></tr>
<tr>
<td title='normalUser.Patients.contactFormCancelButton()'><b>contactFormCancelButton</b><br>Test class: normalUser.Patients</td>
<td></td>
<td>19</td>
<td>normalUser.Patients@2bb3058</td></tr>
<tr>
<td title='normalUser.Patients.snVisit()'><b>snVisit</b><br>Test class: normalUser.Patients</td>
<td></td>
<td>17</td>
<td>normalUser.Patients@2bb3058</td></tr>
<tr>
<td title='normalUser.LoginTest.loginWithoutUsername()'><b>loginWithoutUsername</b><br>Test class: normalUser.LoginTest</td>
<td></td>
<td>1</td>
<td>normalUser.LoginTest@6cce16f4</td></tr>
<tr>
<td title='normalUser.Patients.addSheduleFromPatientList()'><b>addSheduleFromPatientList</b><br>Test class: normalUser.Patients</td>
<td></td>
<td>21</td>
<td>normalUser.Patients@2bb3058</td></tr>
<tr>
<td title='normalUser.LoginTest.loginWithoutPassword()'><b>loginWithoutPassword</b><br>Test class: normalUser.LoginTest</td>
<td></td>
<td>2</td>
<td>normalUser.LoginTest@6cce16f4</td></tr>
<tr>
<td title='normalUser.LoginTest.verifyElemntsOnPageTest()'><b>verifyElemntsOnPageTest</b><br>Test class: normalUser.LoginTest</td>
<td></td>
<td>1</td>
<td>normalUser.LoginTest@6cce16f4</td></tr>
<tr>
<td title='normalUser.Patients.testForm()'><b>testForm</b><br>Test class: normalUser.Patients</td>
<td></td>
<td>21</td>
<td>normalUser.Patients@2bb3058</td></tr>
<tr>
<td title='normalUser.Patients.importPatientList()'><b>importPatientList</b><br>Test class: normalUser.Patients</td>
<td></td>
<td>9</td>
<td>normalUser.Patients@2bb3058</td></tr>
<tr>
<td title='normalUser.Patients.addContactFromPatientList()'><b>addContactFromPatientList</b><br>Test class: normalUser.Patients</td>
<td></td>
<td>16</td>
<td>normalUser.Patients@2bb3058</td></tr>
<tr>
<td title='normalUser.Patients.addNewLocationToPatient()'><b>addNewLocationToPatient</b><br>Test class: normalUser.Patients</td>
<td></td>
<td>20</td>
<td>normalUser.Patients@2bb3058</td></tr>
<tr>
<td title='normalUser.LoginTest.forgotPassword()'><b>forgotPassword</b><br>Test class: normalUser.LoginTest</td>
<td></td>
<td>3</td>
<td>normalUser.LoginTest@6cce16f4</td></tr>
<tr>
<td title='normalUser.Patients.loginUser()'><b>loginUser</b><br>Test class: normalUser.Patients</td>
<td></td>
<td>5</td>
<td>normalUser.Patients@2bb3058</td></tr>
<tr>
<td title='normalUser.Patients.search()'><b>search</b><br>Test class: normalUser.Patients</td>
<td></td>
<td>11</td>
<td>normalUser.Patients@2bb3058</td></tr>
<tr>
<td title='normalUser.Patients.invalidPatientData()'><b>invalidPatientData</b><br>Test class: normalUser.Patients</td>
<td></td>
<td>17</td>
<td>normalUser.Patients@2bb3058</td></tr>
</table><p>
</body>
</html>