<?xml version="1.0" encoding="UTF-8"?>
<!-- Generated by org.testng.reporters.JUnitXMLReporter -->
<testsuite ignored="0" hostname="DESKTOP-EI1MF8H" failures="3" tests="33" name="Test Suite" time="648.988" errors="0" timestamp="2022-05-15T15:17:09 BDT">
  <testcase classname="normalUser.LoginTest" name="@AfterTest tearDown" time="0.044">
    <failure type="org.openqa.selenium.WebDriverException" message="Unable to execute request for an existing session: Unable to find session with ID: 2f3e7d1d66508626e891ce6feac4642a
Build info: version: &amp;apos;4.1.1&amp;apos;, revision: &amp;apos;e8fcc2cecf&amp;apos;
System info: host: &amp;apos;5011d583efc0&amp;apos;, ip: &amp;apos;172.18.0.2&amp;apos;, os.name: &amp;apos;Linux&amp;apos;, os.arch: &amp;apos;amd64&amp;apos;, os.version: &amp;apos;5.10.16.3-microsoft-standard-WSL2&amp;apos;, java.version: &amp;apos;11.0.13&amp;apos;
Driver info: driver.version: unknown
Build info: version: &amp;apos;4.0.0&amp;apos;, revision: &amp;apos;3a21814679&amp;apos;
System info: host: &amp;apos;DESKTOP-EI1MF8H&amp;apos;, ip: &amp;apos;192.168.31.17&amp;apos;, os.name: &amp;apos;Windows 10&amp;apos;, os.arch: &amp;apos;amd64&amp;apos;, os.version: &amp;apos;10.0&amp;apos;, java.version: &amp;apos;11.0.13&amp;apos;
Driver info: org.openqa.selenium.remote.RemoteWebDriver
Command: [2f3e7d1d66508626e891ce6feac4642a, quit {}]
Capabilities {acceptInsecureCerts: false, browserName: chrome, browserVersion: 98.0.4758.102, chrome: {chromedriverVersion: 98.0.4758.102 (273bf7ac8c90..., userDataDir: /tmp/.com.google.Chrome.lvXsQk}, goog:chromeOptions: {debuggerAddress: localhost:41339}, javascriptEnabled: true, networkConnectionEnabled: false, pageLoadStrategy: normal, platform: LINUX, platformName: LINUX, proxy: Proxy(), se:cdp: ws://172.18.0.5:4444/sessio..., se:cdpVersion: 98.0.4758.102, se:vnc: ws://172.18.0.5:4444/sessio..., se:vncEnabled: true, se:vncLocalAddress: ws://172.18.0.5:7900, setWindowRect: true, strictFileInteractability: false, timeouts: {implicit: 0, pageLoad: 300000, script: 30000}, unhandledPromptBehavior: dismiss and notify, webauthn:extension:credBlob: true, webauthn:extension:largeBlob: true, webauthn:virtualAuthenticators: true}
Session ID: 2f3e7d1d66508626e891ce6feac4642a">
      <![CDATA[org.openqa.selenium.WebDriverException: Unable to execute request for an existing session: Unable to find session with ID: 2f3e7d1d66508626e891ce6feac4642a
Build info: version: '4.1.1', revision: 'e8fcc2cecf'
System info: host: '5011d583efc0', ip: '172.18.0.2', os.name: 'Linux', os.arch: 'amd64', os.version: '5.10.16.3-microsoft-standard-WSL2', java.version: '11.0.13'
Driver info: driver.version: unknown
Build info: version: '4.0.0', revision: '3a21814679'
System info: host: 'DESKTOP-EI1MF8H', ip: '192.168.31.17', os.name: 'Windows 10', os.arch: 'amd64', os.version: '10.0', java.version: '11.0.13'
Driver info: org.openqa.selenium.remote.RemoteWebDriver
Command: [2f3e7d1d66508626e891ce6feac4642a, quit {}]
Capabilities {acceptInsecureCerts: false, browserName: chrome, browserVersion: 98.0.4758.102, chrome: {chromedriverVersion: 98.0.4758.102 (273bf7ac8c90..., userDataDir: /tmp/.com.google.Chrome.lvXsQk}, goog:chromeOptions: {debuggerAddress: localhost:41339}, javascriptEnabled: true, networkConnectionEnabled: false, pageLoadStrategy: normal, platform: LINUX, platformName: LINUX, proxy: Proxy(), se:cdp: ws://172.18.0.5:4444/sessio..., se:cdpVersion: 98.0.4758.102, se:vnc: ws://172.18.0.5:4444/sessio..., se:vncEnabled: true, se:vncLocalAddress: ws://172.18.0.5:7900, setWindowRect: true, strictFileInteractability: false, timeouts: {implicit: 0, pageLoad: 300000, script: 30000}, unhandledPromptBehavior: dismiss and notify, webauthn:extension:credBlob: true, webauthn:extension:largeBlob: true, webauthn:virtualAuthenticators: true}
Session ID: 2f3e7d1d66508626e891ce6feac4642a
at org.openqa.selenium.remote.codec.w3c.W3CHttpResponseCodec.createException(W3CHttpResponseCodec.java:200)
at org.openqa.selenium.remote.codec.w3c.W3CHttpResponseCodec.decode(W3CHttpResponseCodec.java:133)
at org.openqa.selenium.remote.codec.w3c.W3CHttpResponseCodec.decode(W3CHttpResponseCodec.java:53)
at org.openqa.selenium.remote.HttpCommandExecutor.execute(HttpCommandExecutor.java:184)
at org.openqa.selenium.remote.TracedCommandExecutor.execute(TracedCommandExecutor.java:39)
at org.openqa.selenium.remote.RemoteWebDriver.execute(RemoteWebDriver.java:559)
at org.openqa.selenium.remote.RemoteWebDriver.execute(RemoteWebDriver.java:614)
at org.openqa.selenium.remote.RemoteWebDriver.execute(RemoteWebDriver.java:618)
at org.openqa.selenium.remote.RemoteWebDriver.quit(RemoteWebDriver.java:455)
at normalUser.LoginTest.tearDown(LoginTest.java:58)
... Removed 28 stack frames]]>
    </failure>
  </testcase> <!-- @AfterTest tearDown -->
  <testcase classname="normalUser.Patients" name="@AfterTest tearDown" time="-1.652606228965E9">
    <skipped/>
  </testcase> <!-- @AfterTest tearDown -->
  <testcase classname="normalUser.LoginTest" name="verifyElemntsOnPageTest" time="1.903"/>
  <testcase classname="normalUser.LoginTest" name="verifyLogin" time="8.484">
    <failure type="java.lang.AssertionError" message="expected [https://dev.zntral.net/dashboarda] but found [https://dev.zntral.net/dashboard]">
      <![CDATA[java.lang.AssertionError: expected [https://dev.zntral.net/dashboarda] but found [https://dev.zntral.net/dashboard]
at normalUser.LoginTest.verifyLogin(LoginTest.java:115)
at java.base/java.util.ArrayList.forEach(ArrayList.java:1541)
... Removed 33 stack frames]]>
    </failure>
  </testcase> <!-- verifyLogin -->
  <testcase classname="normalUser.LoginTest" name="loginWithoutUsername" time="1.869"/>
  <testcase classname="normalUser.LoginTest" name="loginWithoutPassword" time="2.408"/>
  <testcase classname="normalUser.LoginTest" name="loginWithEmptyField" time="0.447"/>
  <testcase classname="normalUser.LoginTest" name="forgotPassword" time="3.902"/>
  <testcase classname="normalUser.LoginTest" name="randomInput" time="6.403"/>
  <testcase classname="normalUser.Patients" name="loginUser" time="5.675"/>
  <testcase classname="normalUser.Patients" name="patientsList" time="6.655"/>
  <testcase classname="normalUser.Patients" name="search" time="11.335"/>
  <testcase classname="normalUser.Patients" name="addPatient" time="16.408">
    <failure type="org.openqa.selenium.TimeoutException" message="Expected condition failed: waiting for visibility of element located by By.xpath: //div[contains(text(),&amp;apos;Add New Patient&amp;apos;)] (tried for 10 second(s) with 500 milliseconds interval)
Build info: version: &amp;apos;4.0.0&amp;apos;, revision: &amp;apos;3a21814679&amp;apos;
System info: host: &amp;apos;DESKTOP-EI1MF8H&amp;apos;, ip: &amp;apos;192.168.31.17&amp;apos;, os.name: &amp;apos;Windows 10&amp;apos;, os.arch: &amp;apos;amd64&amp;apos;, os.version: &amp;apos;10.0&amp;apos;, java.version: &amp;apos;11.0.13&amp;apos;
Driver info: org.openqa.selenium.remote.RemoteWebDriver
Capabilities {acceptInsecureCerts: false, browserName: chrome, browserVersion: 98.0.4758.102, chrome: {chromedriverVersion: 98.0.4758.102 (273bf7ac8c90..., userDataDir: /tmp/.com.google.Chrome.kVPukn}, goog:chromeOptions: {debuggerAddress: localhost:37295}, javascriptEnabled: true, networkConnectionEnabled: false, pageLoadStrategy: normal, platform: LINUX, platformName: LINUX, proxy: Proxy(), se:cdp: ws://172.18.0.5:4444/sessio..., se:cdpVersion: 98.0.4758.102, se:vnc: ws://172.18.0.5:4444/sessio..., se:vncEnabled: true, se:vncLocalAddress: ws://172.18.0.5:7900, setWindowRect: true, strictFileInteractability: false, timeouts: {implicit: 0, pageLoad: 300000, script: 30000}, unhandledPromptBehavior: dismiss and notify, webauthn:extension:credBlob: true, webauthn:extension:largeBlob: true, webauthn:virtualAuthenticators: true}
Session ID: 18680dcf957bf5b2d12a702f906e8863">
      <![CDATA[org.openqa.selenium.TimeoutException: Expected condition failed: waiting for visibility of element located by By.xpath: //div[contains(text(),'Add New Patient')] (tried for 10 second(s) with 500 milliseconds interval)
Build info: version: '4.0.0', revision: '3a21814679'
System info: host: 'DESKTOP-EI1MF8H', ip: '192.168.31.17', os.name: 'Windows 10', os.arch: 'amd64', os.version: '10.0', java.version: '11.0.13'
Driver info: org.openqa.selenium.remote.RemoteWebDriver
Capabilities {acceptInsecureCerts: false, browserName: chrome, browserVersion: 98.0.4758.102, chrome: {chromedriverVersion: 98.0.4758.102 (273bf7ac8c90..., userDataDir: /tmp/.com.google.Chrome.kVPukn}, goog:chromeOptions: {debuggerAddress: localhost:37295}, javascriptEnabled: true, networkConnectionEnabled: false, pageLoadStrategy: normal, platform: LINUX, platformName: LINUX, proxy: Proxy(), se:cdp: ws://172.18.0.5:4444/sessio..., se:cdpVersion: 98.0.4758.102, se:vnc: ws://172.18.0.5:4444/sessio..., se:vncEnabled: true, se:vncLocalAddress: ws://172.18.0.5:7900, setWindowRect: true, strictFileInteractability: false, timeouts: {implicit: 0, pageLoad: 300000, script: 30000}, unhandledPromptBehavior: dismiss and notify, webauthn:extension:credBlob: true, webauthn:extension:largeBlob: true, webauthn:virtualAuthenticators: true}
Session ID: 18680dcf957bf5b2d12a702f906e8863
at org.openqa.selenium.support.ui.WebDriverWait.timeoutException(WebDriverWait.java:138)
at org.openqa.selenium.support.ui.FluentWait.until(FluentWait.java:231)
at normalUser.Patients.addPatient(Patients.java:144)
at java.base/java.util.ArrayList.forEach(ArrayList.java:1541)
... Removed 27 stack frames]]>
    </failure>
  </testcase> <!-- addPatient -->
  <testcase classname="normalUser.Patients" name="validPatientData" time="22.443"/>
  <testcase classname="normalUser.Patients" name="invalidPatientData" time="17.93"/>
  <testcase classname="normalUser.Patients" name="editPatientInfo" time="15.536"/>
  <testcase classname="normalUser.Patients" name="deletePatientInfo" time="13.735"/>
  <testcase classname="normalUser.Patients" name="addContactfromPatient" time="25.483"/>
  <testcase classname="normalUser.Patients" name="addContactWithEmptyData" time="25.09"/>
  <testcase classname="normalUser.Patients" name="addContactFromPatientList" time="16.679"/>
  <testcase classname="normalUser.Patients" name="addSchdeulefromPatient" time="20.629">
    <failure type="org.openqa.selenium.ElementClickInterceptedException" message="element click intercepted: Element &amp;lt;button type=&amp;quot;button&amp;quot; class=&amp;quot;v-btn v-btn--text v-btn--rounded theme--light&amp;quot;&amp;gt;...&amp;lt;/button&amp;gt; is not clickable at point (494, 552). Other element would receive the click: &amp;lt;div class=&amp;quot;v-btn__content&amp;quot;&amp;gt;...&amp;lt;/div&amp;gt;
  (Session info: chrome=98.0.4758.102)
Build info: version: &amp;apos;4.0.0&amp;apos;, revision: &amp;apos;3a21814679&amp;apos;
System info: host: &amp;apos;DESKTOP-EI1MF8H&amp;apos;, ip: &amp;apos;192.168.31.17&amp;apos;, os.name: &amp;apos;Windows 10&amp;apos;, os.arch: &amp;apos;amd64&amp;apos;, os.version: &amp;apos;10.0&amp;apos;, java.version: &amp;apos;11.0.13&amp;apos;
Driver info: org.openqa.selenium.remote.RemoteWebDriver
Command: [18680dcf957bf5b2d12a702f906e8863, clickElement {id=370590d2-f665-4001-afb8-d7be2d27d2ab}]
Capabilities {acceptInsecureCerts: false, browserName: chrome, browserVersion: 98.0.4758.102, chrome: {chromedriverVersion: 98.0.4758.102 (273bf7ac8c90..., userDataDir: /tmp/.com.google.Chrome.kVPukn}, goog:chromeOptions: {debuggerAddress: localhost:37295}, javascriptEnabled: true, networkConnectionEnabled: false, pageLoadStrategy: normal, platform: LINUX, platformName: LINUX, proxy: Proxy(), se:cdp: ws://172.18.0.5:4444/sessio..., se:cdpVersion: 98.0.4758.102, se:vnc: ws://172.18.0.5:4444/sessio..., se:vncEnabled: true, se:vncLocalAddress: ws://172.18.0.5:7900, setWindowRect: true, strictFileInteractability: false, timeouts: {implicit: 0, pageLoad: 300000, script: 30000}, unhandledPromptBehavior: dismiss and notify, webauthn:extension:credBlob: true, webauthn:extension:largeBlob: true, webauthn:virtualAuthenticators: true}
Element: [[RemoteWebDriver: chrome on LINUX (18680dcf957bf5b2d12a702f906e8863)] -&amp;gt; xpath: //tbody/tr[5]/td[2]/button[1]]
Session ID: 18680dcf957bf5b2d12a702f906e8863">
      <![CDATA[org.openqa.selenium.ElementClickInterceptedException: element click intercepted: Element <button type="button" class="v-btn v-btn--text v-btn--rounded theme--light">...</button> is not clickable at point (494, 552). Other element would receive the click: <div class="v-btn__content">...</div>
  (Session info: chrome=98.0.4758.102)
Build info: version: '4.0.0', revision: '3a21814679'
System info: host: 'DESKTOP-EI1MF8H', ip: '192.168.31.17', os.name: 'Windows 10', os.arch: 'amd64', os.version: '10.0', java.version: '11.0.13'
Driver info: org.openqa.selenium.remote.RemoteWebDriver
Command: [18680dcf957bf5b2d12a702f906e8863, clickElement {id=370590d2-f665-4001-afb8-d7be2d27d2ab}]
Capabilities {acceptInsecureCerts: false, browserName: chrome, browserVersion: 98.0.4758.102, chrome: {chromedriverVersion: 98.0.4758.102 (273bf7ac8c90..., userDataDir: /tmp/.com.google.Chrome.kVPukn}, goog:chromeOptions: {debuggerAddress: localhost:37295}, javascriptEnabled: true, networkConnectionEnabled: false, pageLoadStrategy: normal, platform: LINUX, platformName: LINUX, proxy: Proxy(), se:cdp: ws://172.18.0.5:4444/sessio..., se:cdpVersion: 98.0.4758.102, se:vnc: ws://172.18.0.5:4444/sessio..., se:vncEnabled: true, se:vncLocalAddress: ws://172.18.0.5:7900, setWindowRect: true, strictFileInteractability: false, timeouts: {implicit: 0, pageLoad: 300000, script: 30000}, unhandledPromptBehavior: dismiss and notify, webauthn:extension:credBlob: true, webauthn:extension:largeBlob: true, webauthn:virtualAuthenticators: true}
Element: [[RemoteWebDriver: chrome on LINUX (18680dcf957bf5b2d12a702f906e8863)] -> xpath: //tbody/tr[5]/td[2]/button[1]]
Session ID: 18680dcf957bf5b2d12a702f906e8863
at org.openqa.selenium.remote.codec.w3c.W3CHttpResponseCodec.createException(W3CHttpResponseCodec.java:200)
at org.openqa.selenium.remote.codec.w3c.W3CHttpResponseCodec.decode(W3CHttpResponseCodec.java:133)
at org.openqa.selenium.remote.codec.w3c.W3CHttpResponseCodec.decode(W3CHttpResponseCodec.java:53)
at org.openqa.selenium.remote.HttpCommandExecutor.execute(HttpCommandExecutor.java:184)
at org.openqa.selenium.remote.TracedCommandExecutor.execute(TracedCommandExecutor.java:39)
at org.openqa.selenium.remote.RemoteWebDriver.execute(RemoteWebDriver.java:559)
at org.openqa.selenium.remote.RemoteWebElement.execute(RemoteWebElement.java:251)
at org.openqa.selenium.remote.RemoteWebElement.click(RemoteWebElement.java:77)
at normalUser.Patients.addSchdeulefromPatient(Patients.java:544)
at java.base/java.util.ArrayList.forEach(ArrayList.java:1541)
... Removed 31 stack frames]]>
    </failure>
  </testcase> <!-- addSchdeulefromPatient -->
  <testcase classname="normalUser.Patients" name="addSheduleFromPatientList" time="21.224"/>
  <testcase classname="normalUser.Patients" name="addSchdeuleWithEmpty" time="24.881"/>
  <testcase classname="normalUser.Patients" name="addEmptySheduleFromPatientList" time="19.042"/>
  <testcase classname="normalUser.Patients" name="contactFormCancelButton" time="19.508"/>
  <testcase classname="normalUser.Patients" name="sheduleFormCancelButton" time="15.408"/>
  <testcase classname="normalUser.Patients" name="importPatientList" time="9.803"/>
  <testcase classname="normalUser.Patients" name="addNewLocationToPatient" time="20.814"/>
  <testcase classname="normalUser.Patients" name="patientStatus" time="19.06"/>
  <testcase classname="normalUser.Patients" name="endOfCareForm" time="17.0"/>
  <testcase classname="normalUser.Patients" name="hospMD" time="17.315"/>
  <testcase classname="normalUser.Patients" name="testForm" time="21.851"/>
  <testcase classname="normalUser.Patients" name="snVisit" time="17.618"/>
  <testcase classname="normalUser.Patients" name="initialVisit" time="17.005"/>
  <testcase classname="normalUser.Patients" name="invalidPatientName" time="15.37"/>
</testsuite> <!-- Test Suite -->
